This file contains any messages produced by compilers while
running configure, to aid debugging if configure makes a mistake.

It was created by configure, which was
generated by GNU Autoconf 2.57.  Invocation command line was

  $ ./configure 

## --------- ##
## Platform. ##
## --------- ##

hostname = bbs.xjtu.edu.cn
uname -m = i686
uname -r = 2.4.21-15.ELsmp
uname -s = Linux
uname -v = #1 SMP Mon May 24 08:51:27 EDT 2004

/usr/bin/uname -p = unknown
/bin/uname -X     = unknown

/bin/arch              = i686
/usr/bin/arch -k       = unknown
/usr/convex/getsysinfo = unknown
hostinfo               = unknown
/bin/machine           = unknown
/usr/bin/oslevel       = unknown
/bin/universe          = unknown

PATH: /usr/kerberos/sbin
PATH: /usr/kerberos/bin
PATH: /usr/local/bin
PATH: /bin
PATH: /usr/bin
PATH: /usr/X11R6/bin


## ----------- ##
## Core tests. ##
## ----------- ##

configure:1328: checking for a BSD-compatible install
configure:1382: result: /usr/bin/install -c
configure:1393: checking whether build environment is sane
configure:1436: result: yes
configure:1469: checking for gawk
configure:1485: found /bin/gawk
configure:1495: result: gawk
configure:1505: checking whether make sets $(MAKE)
configure:1525: result: yes
configure:1687: checking build system type
configure:1705: result: i686-pc-linux-gnu
configure:1713: checking host system type
configure:1727: result: i686-pc-linux-gnu
configure:1735: checking cached information
configure:1753: result: ok
configure:1803: checking for gcc
configure:1819: found /usr/bin/gcc
configure:1829: result: gcc
configure:2073: checking for C compiler version
configure:2076: gcc --version </dev/null >&5
gcc (GCC) 3.2.3 20030502 (Asianux 1.0 3.2.3-36)
Copyright (C) 2002 Free Software Foundation, Inc.
This is free software; see the source for copying conditions.  There is NO
warranty; not even for MERCHANTABILITY or FITNESS FOR A PARTICULAR PURPOSE.

configure:2079: $? = 0
configure:2081: gcc -v </dev/null >&5
Reading specs from /usr/lib/gcc-lib/i386-asianux-linux/3.2.3/specs
Configured with: ../configure --prefix=/usr --mandir=/usr/share/man --infodir=/usr/share/info --enable-shared --enable-threads=posix --disable-checking --with-system-zlib --enable-__cxa_atexit --host=i386-asianux-linux
Thread model: posix
gcc version 3.2.3 20030502 (Asianux 1.0 3.2.3-36)
configure:2084: $? = 0
configure:2086: gcc -V </dev/null >&5
gcc: argument to `-V' is missing
configure:2089: $? = 1
configure:2113: checking for C compiler default output
configure:2116: gcc    conftest.c  >&5
configure:2119: $? = 0
configure:2165: result: a.out
configure:2170: checking whether the C compiler works
configure:2176: ./a.out
configure:2179: $? = 0
configure:2196: result: yes
configure:2203: checking whether we are cross compiling
configure:2205: result: no
configure:2208: checking for suffix of executables
configure:2210: gcc -o conftest    conftest.c  >&5
configure:2213: $? = 0
configure:2238: result: 
configure:2244: checking for suffix of object files
configure:2266: gcc -c   conftest.c >&5
configure:2269: $? = 0
configure:2291: result: o
configure:2295: checking whether we are using the GNU C compiler
configure:2320: gcc -c   conftest.c >&5
configure:2323: $? = 0
configure:2326: test -s conftest.o
configure:2329: $? = 0
configure:2342: result: yes
configure:2348: checking whether gcc accepts -g
configure:2370: gcc -c -g  conftest.c >&5
configure:2373: $? = 0
configure:2376: test -s conftest.o
configure:2379: $? = 0
configure:2390: result: yes
configure:2407: checking for gcc option to accept ANSI C
configure:2468: gcc  -c -g -O2  conftest.c >&5
configure:2471: $? = 0
configure:2474: test -s conftest.o
configure:2477: $? = 0
configure:2495: result: none needed
configure:2513: gcc -c -g -O2  conftest.c >&5
conftest.c:2: syntax error before "me"
configure:2516: $? = 1
configure: failed program was:
| #ifndef __cplusplus
|   choke me
| #endif
configure:2644: checking for style of include used by make
configure:2672: result: GNU
configure:2700: checking dependency style of gcc
configure:2762: result: gcc3
configure:2769: checking for strerror in -lcposix
configure:2800: gcc -o conftest -g -O2   conftest.c -lcposix   >&5
/usr/bin/ld: cannot find -lcposix
collect2: ld returned 1 exit status
configure:2803: $? = 1
configure: failed program was:
| #line 2776 "configure"
| /* confdefs.h.  */
| 
| #define PACKAGE_NAME ""
| #define PACKAGE_TARNAME ""
| #define PACKAGE_VERSION ""
| #define PACKAGE_STRING ""
| #define PACKAGE_BUGREPORT ""
| #define PACKAGE "sshbbs"
| #define VERSION "1.0"
| /* end confdefs.h.  */
| 
| /* Override any gcc2 internal prototype to avoid an error.  */
| #ifdef __cplusplus
| extern "C"
| #endif
| /* We use char because int might match the return type of a gcc2
|    builtin and then its argument prototype would still apply.  */
| char strerror ();
| int
| main ()
| {
| strerror ();
|   ;
|   return 0;
| }
configure:2821: result: no
configure:3743: checking for getspnam
configure:3793: gcc -o conftest -D_GNU_SOURCE -g -O2   conftest.c  >&5
configure:3796: $? = 0
configure:3799: test -s conftest
configure:3802: $? = 0
configure:3813: result: yes
configure:3893: checking for pw_encrypt
configure:3943: gcc -o conftest -D_GNU_SOURCE -g -O2   conftest.c  >&5
/tmp/cckBUGKO.o(.text+0x11): In function `main':
/home/bbssrc/smth_sshbbsd/configure:3942: undefined reference to `pw_encrypt'
/tmp/cckBUGKO.o(.data+0x0):/home/bbssrc/smth_sshbbsd/configure:3941: undefined reference to `pw_encrypt'
collect2: ld returned 1 exit status
configure:3946: $? = 1
configure: failed program was:
| #line 3898 "configure"
| /* confdefs.h.  */
| 
| #define PACKAGE_NAME ""
| #define PACKAGE_TARNAME ""
| #define PACKAGE_VERSION ""
| #define PACKAGE_STRING ""
| #define PACKAGE_BUGREPORT ""
| #define PACKAGE "sshbbs"
| #define VERSION "1.0"
| #define HOSTTYPE "i686-pc-linux-gnu"
| #define HAVE_ETC_SHADOW 1
| /* end confdefs.h.  */
| /* System header to define __stub macros and hopefully few prototypes,
|     which can conflict with char pw_encrypt (); below.
|     Prefer <limits.h> to <assert.h> if __STDC__ is defined, since
|     <limits.h> exists even on freestanding compilers.  */
| #ifdef __STDC__
| # include <limits.h>
| #else
| # include <assert.h>
| #endif
| /* Override any gcc2 internal prototype to avoid an error.  */
| #ifdef __cplusplus
| extern "C"
| {
| #endif
| /* We use char because int might match the return type of a gcc2
|    builtin and then its argument prototype would still apply.  */
| char pw_encrypt ();
| /* The GNU C library defines this for functions which it implements
|     to always fail with ENOSYS.  Some functions are actually named
|     something starting with __ and the normal name is an alias.  */
| #if defined (__stub_pw_encrypt) || defined (__stub___pw_encrypt)
| choke me
| #else
| char (*f) () = pw_encrypt;
| #endif
| #ifdef __cplusplus
| }
| #endif
| 
| int
| main ()
| {
| return f != pw_encrypt;
|   ;
|   return 0;
| }
configure:3963: result: no
configure:3974: checking for pw_encrypt in -lshadow
configure:4005: gcc -o conftest -D_GNU_SOURCE -g -O2   conftest.c -lshadow   >&5
/usr/bin/ld: cannot find -lshadow
collect2: ld returned 1 exit status
configure:4008: $? = 1
configure: failed program was:
| #line 3981 "configure"
| /* confdefs.h.  */
| 
| #define PACKAGE_NAME ""
| #define PACKAGE_TARNAME ""
| #define PACKAGE_VERSION ""
| #define PACKAGE_STRING ""
| #define PACKAGE_BUGREPORT ""
| #define PACKAGE "sshbbs"
| #define VERSION "1.0"
| #define HOSTTYPE "i686-pc-linux-gnu"
| #define HAVE_ETC_SHADOW 1
| /* end confdefs.h.  */
| 
| /* Override any gcc2 internal prototype to avoid an error.  */
| #ifdef __cplusplus
| extern "C"
| #endif
| /* We use char because int might match the return type of a gcc2
|    builtin and then its argument prototype would still apply.  */
| char pw_encrypt ();
| int
| main ()
| {
| pw_encrypt ();
|   ;
|   return 0;
| }
configure:4026: result: no
configure:4035: checking whether to enable pw_encrypt
configure:4055: result: no
configure:4317: checking that the compiler works
configure:4334: gcc -o conftest -D_GNU_SOURCE -g -O2   conftest.c  >&5
configure:4337: $? = 0
configure:4339: ./conftest
configure:4342: $? = 0
configure:4344: result: yes
configure:4363: checking if the compiler understands -pipe
configure:4384: gcc -pipe -c -D_GNU_SOURCE -g -O2  conftest.c >&5
configure:4387: $? = 0
configure:4390: test -s conftest.o
configure:4393: $? = 0
configure:4395: result: yes
configure:4409: checking whether to enable -Wall
configure:4420: result: no
configure:4424: checking return type of signal handlers
configure:4456: gcc -pipe -c -D_GNU_SOURCE -g -O2  conftest.c >&5
configure:4459: $? = 0
configure:4462: test -s conftest.o
configure:4465: $? = 0
configure:4476: result: void
configure:4489: checking how to run the C preprocessor
configure:4525: gcc -pipe -E  conftest.c
configure:4531: $? = 0
configure:4563: gcc -pipe -E  conftest.c
configure:4567:28: ac_nonexistent.h: No such file or directory
configure:4569: $? = 1
configure: failed program was:
| #line 4554 "configure"
| /* confdefs.h.  */
| 
| #define PACKAGE_NAME ""
| #define PACKAGE_TARNAME ""
| #define PACKAGE_VERSION ""
| #define PACKAGE_STRING ""
| #define PACKAGE_BUGREPORT ""
| #define PACKAGE "sshbbs"
| #define VERSION "1.0"
| #define HOSTTYPE "i686-pc-linux-gnu"
| #define HAVE_ETC_SHADOW 1
| #define RETSIGTYPE void
| /* end confdefs.h.  */
| #include <ac_nonexistent.h>
configure:4607: result: gcc -pipe -E
configure:4632: gcc -pipe -E  conftest.c
configure:4638: $? = 0
configure:4670: gcc -pipe -E  conftest.c
configure:4674:28: ac_nonexistent.h: No such file or directory
configure:4676: $? = 1
configure: failed program was:
| #line 4661 "configure"
| /* confdefs.h.  */
| 
| #define PACKAGE_NAME ""
| #define PACKAGE_TARNAME ""
| #define PACKAGE_VERSION ""
| #define PACKAGE_STRING ""
| #define PACKAGE_BUGREPORT ""
| #define PACKAGE "sshbbs"
| #define VERSION "1.0"
| #define HOSTTYPE "i686-pc-linux-gnu"
| #define HAVE_ETC_SHADOW 1
| #define RETSIGTYPE void
| /* end confdefs.h.  */
| #include <ac_nonexistent.h>
configure:4719: checking for egrep
configure:4729: result: grep -E
configure:4734: checking for ANSI C header files
configure:4760: gcc -pipe -c -D_GNU_SOURCE -g -O2  conftest.c >&5
configure:4763: $? = 0
configure:4766: test -s conftest.o
configure:4769: $? = 0
configure:4858: gcc -pipe -o conftest -D_GNU_SOURCE -g -O2   conftest.c  >&5
configure:4861: $? = 0
configure:4863: ./conftest
configure:4866: $? = 0
configure:4881: result: yes
configure:4905: checking for sys/types.h
configure:4922: gcc -pipe -c -D_GNU_SOURCE -g -O2  conftest.c >&5
configure:4925: $? = 0
configure:4928: test -s conftest.o
configure:4931: $? = 0
configure:4942: result: yes
configure:4905: checking for sys/stat.h
configure:4922: gcc -pipe -c -D_GNU_SOURCE -g -O2  conftest.c >&5
configure:4925: $? = 0
configure:4928: test -s conftest.o
configure:4931: $? = 0
configure:4942: result: yes
configure:4905: checking for stdlib.h
configure:4922: gcc -pipe -c -D_GNU_SOURCE -g -O2  conftest.c >&5
configure:4925: $? = 0
configure:4928: test -s conftest.o
configure:4931: $? = 0
configure:4942: result: yes
configure:4905: checking for string.h
configure:4922: gcc -pipe -c -D_GNU_SOURCE -g -O2  conftest.c >&5
configure:4925: $? = 0
configure:4928: test -s conftest.o
configure:4931: $? = 0
configure:4942: result: yes
configure:4905: checking for memory.h
configure:4922: gcc -pipe -c -D_GNU_SOURCE -g -O2  conftest.c >&5
configure:4925: $? = 0
configure:4928: test -s conftest.o
configure:4931: $? = 0
configure:4942: result: yes
configure:4905: checking for strings.h
configure:4922: gcc -pipe -c -D_GNU_SOURCE -g -O2  conftest.c >&5
configure:4925: $? = 0
configure:4928: test -s conftest.o
configure:4931: $? = 0
configure:4942: result: yes
configure:4905: checking for inttypes.h
configure:4922: gcc -pipe -c -D_GNU_SOURCE -g -O2  conftest.c >&5
configure:4925: $? = 0
configure:4928: test -s conftest.o
configure:4931: $? = 0
configure:4942: result: yes
configure:4905: checking for stdint.h
configure:4922: gcc -pipe -c -D_GNU_SOURCE -g -O2  conftest.c >&5
configure:4925: $? = 0
configure:4928: test -s conftest.o
configure:4931: $? = 0
configure:4942: result: yes
configure:4905: checking for unistd.h
configure:4922: gcc -pipe -c -D_GNU_SOURCE -g -O2  conftest.c >&5
configure:4925: $? = 0
configure:4928: test -s conftest.o
configure:4931: $? = 0
configure:4942: result: yes
configure:4954: checking for size_t
configure:4979: gcc -pipe -c -D_GNU_SOURCE -g -O2  conftest.c >&5
configure:4982: $? = 0
configure:4985: test -s conftest.o
configure:4988: $? = 0
configure:4999: result: yes
configure:5011: checking for uid_t in sys/types.h
configure:5035: result: yes
configure:5050: checking for off_t
configure:5075: gcc -pipe -c -D_GNU_SOURCE -g -O2  conftest.c >&5
configure:5078: $? = 0
configure:5081: test -s conftest.o
configure:5084: $? = 0
configure:5095: result: yes
configure:5107: checking for mode_t
configure:5132: gcc -pipe -c -D_GNU_SOURCE -g -O2  conftest.c >&5
configure:5135: $? = 0
configure:5138: test -s conftest.o
configure:5141: $? = 0
configure:5152: result: yes
configure:5165: checking for struct stat.st_blksize
configure:5189: gcc -pipe -c -D_GNU_SOURCE -g -O2  conftest.c >&5
configure:5192: $? = 0
configure:5195: test -s conftest.o
configure:5198: $? = 0
configure:5246: result: yes
configure:5263: checking for an ANSI C-conforming const
configure:5331: gcc -pipe -c -D_GNU_SOURCE -g -O2  conftest.c >&5
configure:5334: $? = 0
configure:5337: test -s conftest.o
configure:5340: $? = 0
configure:5351: result: yes
configure:5361: checking for inline
configure:5383: gcc -pipe -c -D_GNU_SOURCE -g -O2  conftest.c >&5
configure:5386: $? = 0
configure:5389: test -s conftest.o
configure:5392: $? = 0
configure:5404: result: inline
configure:5419: checking whether byte ordering is bigendian
configure:5447: gcc -pipe -c -D_GNU_SOURCE -g -O2  conftest.c >&5
configure:5450: $? = 0
configure:5453: test -s conftest.o
configure:5456: $? = 0
configure:5481: gcc -pipe -c -D_GNU_SOURCE -g -O2  conftest.c >&5
configure: In function `main':
configure:5491: `not' undeclared (first use in this function)
configure:5491: (Each undeclared identifier is reported only once
configure:5491: for each function it appears in.)
configure:5491: syntax error before "big"
configure:5484: $? = 1
configure: failed program was:
| #line 5459 "configure"
| /* confdefs.h.  */
| 
| #define PACKAGE_NAME ""
| #define PACKAGE_TARNAME ""
| #define PACKAGE_VERSION ""
| #define PACKAGE_STRING ""
| #define PACKAGE_BUGREPORT ""
| #define PACKAGE "sshbbs"
| #define VERSION "1.0"
| #define HOSTTYPE "i686-pc-linux-gnu"
| #define HAVE_ETC_SHADOW 1
| #define RETSIGTYPE void
| #define STDC_HEADERS 1
| #define HAVE_SYS_TYPES_H 1
| #define HAVE_SYS_STAT_H 1
| #define HAVE_STDLIB_H 1
| #define HAVE_STRING_H 1
| #define HAVE_MEMORY_H 1
| #define HAVE_STRINGS_H 1
| #define HAVE_INTTYPES_H 1
| #define HAVE_STDINT_H 1
| #define HAVE_UNISTD_H 1
| #define HAVE_STRUCT_STAT_ST_BLKSIZE 1
| #define HAVE_ST_BLKSIZE 1
| /* end confdefs.h.  */
| #include <sys/types.h>
| #include <sys/param.h>
| 
| int
| main ()
| {
| #if BYTE_ORDER != BIG_ENDIAN
|  not big endian
| #endif
| 
|   ;
|   return 0;
| }
configure:5604: result: no
configure:5623: checking for long
configure:5648: gcc -pipe -c -D_GNU_SOURCE -g -O2  conftest.c >&5
configure:5651: $? = 0
configure:5654: test -s conftest.o
configure:5657: $? = 0
configure:5668: result: yes
configure:5671: checking size of long
configure:5946: gcc -pipe -o conftest -D_GNU_SOURCE -g -O2   conftest.c  >&5
configure:5949: $? = 0
configure:5951: ./conftest
configure:5954: $? = 0
configure:5977: result: 4
configure:5984: checking for int
configure:6009: gcc -pipe -c -D_GNU_SOURCE -g -O2  conftest.c >&5
configure:6012: $? = 0
configure:6015: test -s conftest.o
configure:6018: $? = 0
configure:6029: result: yes
configure:6032: checking size of int
configure:6307: gcc -pipe -o conftest -D_GNU_SOURCE -g -O2   conftest.c  >&5
configure:6310: $? = 0
configure:6312: ./conftest
configure:6315: $? = 0
configure:6338: result: 4
configure:6345: checking for short
configure:6370: gcc -pipe -c -D_GNU_SOURCE -g -O2  conftest.c >&5
configure:6373: $? = 0
configure:6376: test -s conftest.o
configure:6379: $? = 0
configure:6390: result: yes
configure:6393: checking size of short
configure:6668: gcc -pipe -o conftest -D_GNU_SOURCE -g -O2   conftest.c  >&5
configure:6671: $? = 0
configure:6673: ./conftest
configure:6676: $? = 0
configure:6699: result: 2
configure:6722: checking termios.h usability
configure:6735: gcc -pipe -c -D_GNU_SOURCE -g -O2  conftest.c >&5
configure:6738: $? = 0
configure:6741: test -s conftest.o
configure:6744: $? = 0
configure:6754: result: yes
configure:6758: checking termios.h presence
configure:6769: gcc -pipe -E  conftest.c
configure:6775: $? = 0
configure:6794: result: yes
configure:6830: checking for termios.h
configure:6837: result: yes
configure:6867: checking utmpx.h usability
configure:6880: gcc -pipe -c -D_GNU_SOURCE -g -O2  conftest.c >&5
configure:6883: $? = 0
configure:6886: test -s conftest.o
configure:6889: $? = 0
configure:6899: result: yes
configure:6903: checking utmpx.h presence
configure:6914: gcc -pipe -E  conftest.c
configure:6920: $? = 0
configure:6939: result: yes
configure:6975: checking for utmpx.h
configure:6982: result: yes
configure:6995: checking whether utmpx have ut_syslen field
configure:7016: result: no
configure:7023: checking for ANSI C header files
configure:7170: result: yes
configure:7180: checking for sys/wait.h that is POSIX.1 compatible
configure:7212: gcc -pipe -c -D_GNU_SOURCE -g -O2  conftest.c >&5
configure:7215: $? = 0
configure:7218: test -s conftest.o
configure:7221: $? = 0
configure:7232: result: yes
configure:7252: checking for unistd.h
configure:7257: result: yes
configure:7261: checking rusage.h usability
configure:7274: gcc -pipe -c -D_GNU_SOURCE -g -O2  conftest.c >&5
configure:7330:20: rusage.h: No such file or directory
configure:7277: $? = 1
configure: failed program was:
| #line 7263 "configure"
| /* confdefs.h.  */
| 
| #define PACKAGE_NAME ""
| #define PACKAGE_TARNAME ""
| #define PACKAGE_VERSION ""
| #define PACKAGE_STRING ""
| #define PACKAGE_BUGREPORT ""
| #define PACKAGE "sshbbs"
| #define VERSION "1.0"
| #define HOSTTYPE "i686-pc-linux-gnu"
| #define HAVE_ETC_SHADOW 1
| #define RETSIGTYPE void
| #define STDC_HEADERS 1
| #define HAVE_SYS_TYPES_H 1
| #define HAVE_SYS_STAT_H 1
| #define HAVE_STDLIB_H 1
| #define HAVE_STRING_H 1
| #define HAVE_MEMORY_H 1
| #define HAVE_STRINGS_H 1
| #define HAVE_INTTYPES_H 1
| #define HAVE_STDINT_H 1
| #define HAVE_UNISTD_H 1
| #define HAVE_STRUCT_STAT_ST_BLKSIZE 1
| #define HAVE_ST_BLKSIZE 1
| #define SIZEOF_LONG 4
| #define SIZEOF_INT 4
| #define SIZEOF_SHORT 2
| #define HAVE_TERMIOS_H 1
| #define HAVE_UTMPX_H 1
| #define STDC_HEADERS 1
| #define HAVE_SYS_WAIT_H 1
| #define HAVE_UNISTD_H 1
| /* end confdefs.h.  */
| #include <stdio.h>
| #if HAVE_SYS_TYPES_H
| # include <sys/types.h>
| #endif
| #if HAVE_SYS_STAT_H
| # include <sys/stat.h>
| #endif
| #if STDC_HEADERS
| # include <stdlib.h>
| # include <stddef.h>
| #else
| # if HAVE_STDLIB_H
| #  include <stdlib.h>
| # endif
| #endif
| #if HAVE_STRING_H
| # if !STDC_HEADERS && HAVE_MEMORY_H
| #  include <memory.h>
| # endif
| # include <string.h>
| #endif
| #if HAVE_STRINGS_H
| # include <strings.h>
| #endif
| #if HAVE_INTTYPES_H
| # include <inttypes.h>
| #else
| # if HAVE_STDINT_H
| #  include <stdint.h>
| # endif
| #endif
| #if HAVE_UNISTD_H
| # include <unistd.h>
| #endif
| #include <rusage.h>
configure:7293: result: no
configure:7297: checking rusage.h presence
configure:7308: gcc -pipe -E  conftest.c
configure:7332:20: rusage.h: No such file or directory
configure:7314: $? = 1
configure: failed program was:
| #line 7299 "configure"
| /* confdefs.h.  */
| 
| #define PACKAGE_NAME ""
| #define PACKAGE_TARNAME ""
| #define PACKAGE_VERSION ""
| #define PACKAGE_STRING ""
| #define PACKAGE_BUGREPORT ""
| #define PACKAGE "sshbbs"
| #define VERSION "1.0"
| #define HOSTTYPE "i686-pc-linux-gnu"
| #define HAVE_ETC_SHADOW 1
| #define RETSIGTYPE void
| #define STDC_HEADERS 1
| #define HAVE_SYS_TYPES_H 1
| #define HAVE_SYS_STAT_H 1
| #define HAVE_STDLIB_H 1
| #define HAVE_STRING_H 1
| #define HAVE_MEMORY_H 1
| #define HAVE_STRINGS_H 1
| #define HAVE_INTTYPES_H 1
| #define HAVE_STDINT_H 1
| #define HAVE_UNISTD_H 1
| #define HAVE_STRUCT_STAT_ST_BLKSIZE 1
| #define HAVE_ST_BLKSIZE 1
| #define SIZEOF_LONG 4
| #define SIZEOF_INT 4
| #define SIZEOF_SHORT 2
| #define HAVE_TERMIOS_H 1
| #define HAVE_UTMPX_H 1
| #define STDC_HEADERS 1
| #define HAVE_SYS_WAIT_H 1
| #define HAVE_UNISTD_H 1
| /* end confdefs.h.  */
| #include <rusage.h>
configure:7333: result: no
configure:7369: checking for rusage.h
configure:7376: result: no
configure:7261: checking sys/time.h usability
configure:7274: gcc -pipe -c -D_GNU_SOURCE -g -O2  conftest.c >&5
configure:7277: $? = 0
configure:7280: test -s conftest.o
configure:7283: $? = 0
configure:7293: result: yes
configure:7297: checking sys/time.h presence
configure:7308: gcc -pipe -E  conftest.c
configure:7314: $? = 0
configure:7333: result: yes
configure:7369: checking for sys/time.h
configure:7376: result: yes
configure:7261: checking lastlog.h usability
configure:7274: gcc -pipe -c -D_GNU_SOURCE -g -O2  conftest.c >&5
configure:7277: $? = 0
configure:7280: test -s conftest.o
configure:7283: $? = 0
configure:7293: result: yes
configure:7297: checking lastlog.h presence
configure:7308: gcc -pipe -E  conftest.c
configure:7314: $? = 0
configure:7333: result: yes
configure:7369: checking for lastlog.h
configure:7376: result: yes
configure:7261: checking utmp.h usability
configure:7274: gcc -pipe -c -D_GNU_SOURCE -g -O2  conftest.c >&5
configure:7277: $? = 0
configure:7280: test -s conftest.o
configure:7283: $? = 0
configure:7293: result: yes
configure:7297: checking utmp.h presence
configure:7308: gcc -pipe -E  conftest.c
configure:7314: $? = 0
configure:7333: result: yes
configure:7369: checking for utmp.h
configure:7376: result: yes
configure:7261: checking shadow.h usability
configure:7274: gcc -pipe -c -D_GNU_SOURCE -g -O2  conftest.c >&5
configure:7277: $? = 0
configure:7280: test -s conftest.o
configure:7283: $? = 0
configure:7293: result: yes
configure:7297: checking shadow.h presence
configure:7308: gcc -pipe -E  conftest.c
configure:7314: $? = 0
configure:7333: result: yes
configure:7369: checking for shadow.h
configure:7376: result: yes
configure:7406: checking sgtty.h usability
configure:7419: gcc -pipe -c -D_GNU_SOURCE -g -O2  conftest.c >&5
configure:7422: $? = 0
configure:7425: test -s conftest.o
configure:7428: $? = 0
configure:7438: result: yes
configure:7442: checking sgtty.h presence
configure:7453: gcc -pipe -E  conftest.c
configure:7459: $? = 0
configure:7478: result: yes
configure:7514: checking for sgtty.h
configure:7521: result: yes
configure:7406: checking sys/select.h usability
configure:7419: gcc -pipe -c -D_GNU_SOURCE -g -O2  conftest.c >&5
configure:7422: $? = 0
configure:7425: test -s conftest.o
configure:7428: $? = 0
configure:7438: result: yes
configure:7442: checking sys/select.h presence
configure:7453: gcc -pipe -E  conftest.c
configure:7459: $? = 0
configure:7478: result: yes
configure:7514: checking for sys/select.h
configure:7521: result: yes
configure:7406: checking sys/ioctl.h usability
configure:7419: gcc -pipe -c -D_GNU_SOURCE -g -O2  conftest.c >&5
configure:7422: $? = 0
configure:7425: test -s conftest.o
configure:7428: $? = 0
configure:7438: result: yes
configure:7442: checking sys/ioctl.h presence
configure:7453: gcc -pipe -E  conftest.c
configure:7459: $? = 0
configure:7478: result: yes
configure:7514: checking for sys/ioctl.h
configure:7521: result: yes
configure:7406: checking machine/endian.h usability
configure:7419: gcc -pipe -c -D_GNU_SOURCE -g -O2  conftest.c >&5
configure:7482:28: machine/endian.h: No such file or directory
configure:7422: $? = 1
configure: failed program was:
| #line 7408 "configure"
| /* confdefs.h.  */
| 
| #define PACKAGE_NAME ""
| #define PACKAGE_TARNAME ""
| #define PACKAGE_VERSION ""
| #define PACKAGE_STRING ""
| #define PACKAGE_BUGREPORT ""
| #define PACKAGE "sshbbs"
| #define VERSION "1.0"
| #define HOSTTYPE "i686-pc-linux-gnu"
| #define HAVE_ETC_SHADOW 1
| #define RETSIGTYPE void
| #define STDC_HEADERS 1
| #define HAVE_SYS_TYPES_H 1
| #define HAVE_SYS_STAT_H 1
| #define HAVE_STDLIB_H 1
| #define HAVE_STRING_H 1
| #define HAVE_MEMORY_H 1
| #define HAVE_STRINGS_H 1
| #define HAVE_INTTYPES_H 1
| #define HAVE_STDINT_H 1
| #define HAVE_UNISTD_H 1
| #define HAVE_STRUCT_STAT_ST_BLKSIZE 1
| #define HAVE_ST_BLKSIZE 1
| #define SIZEOF_LONG 4
| #define SIZEOF_INT 4
| #define SIZEOF_SHORT 2
| #define HAVE_TERMIOS_H 1
| #define HAVE_UTMPX_H 1
| #define STDC_HEADERS 1
| #define HAVE_SYS_WAIT_H 1
| #define HAVE_UNISTD_H 1
| #define HAVE_SYS_TIME_H 1
| #define HAVE_LASTLOG_H 1
| #define HAVE_UTMP_H 1
| #define HAVE_SHADOW_H 1
| #define HAVE_SGTTY_H 1
| #define HAVE_SYS_SELECT_H 1
| #define HAVE_SYS_IOCTL_H 1
| /* end confdefs.h.  */
| #include <stdio.h>
| #if HAVE_SYS_TYPES_H
| # include <sys/types.h>
| #endif
| #if HAVE_SYS_STAT_H
| # include <sys/stat.h>
| #endif
| #if STDC_HEADERS
| # include <stdlib.h>
| # include <stddef.h>
| #else
| # if HAVE_STDLIB_H
| #  include <stdlib.h>
| # endif
| #endif
| #if HAVE_STRING_H
| # if !STDC_HEADERS && HAVE_MEMORY_H
| #  include <memory.h>
| # endif
| # include <string.h>
| #endif
| #if HAVE_STRINGS_H
| # include <strings.h>
| #endif
| #if HAVE_INTTYPES_H
| # include <inttypes.h>
| #else
| # if HAVE_STDINT_H
| #  include <stdint.h>
| # endif
| #endif
| #if HAVE_UNISTD_H
| # include <unistd.h>
| #endif
| #include <machine/endian.h>
configure:7438: result: no
configure:7442: checking machine/endian.h presence
configure:7453: gcc -pipe -E  conftest.c
configure:7484:28: machine/endian.h: No such file or directory
configure:7459: $? = 1
configure: failed program was:
| #line 7444 "configure"
| /* confdefs.h.  */
| 
| #define PACKAGE_NAME ""
| #define PACKAGE_TARNAME ""
| #define PACKAGE_VERSION ""
| #define PACKAGE_STRING ""
| #define PACKAGE_BUGREPORT ""
| #define PACKAGE "sshbbs"
| #define VERSION "1.0"
| #define HOSTTYPE "i686-pc-linux-gnu"
| #define HAVE_ETC_SHADOW 1
| #define RETSIGTYPE void
| #define STDC_HEADERS 1
| #define HAVE_SYS_TYPES_H 1
| #define HAVE_SYS_STAT_H 1
| #define HAVE_STDLIB_H 1
| #define HAVE_STRING_H 1
| #define HAVE_MEMORY_H 1
| #define HAVE_STRINGS_H 1
| #define HAVE_INTTYPES_H 1
| #define HAVE_STDINT_H 1
| #define HAVE_UNISTD_H 1
| #define HAVE_STRUCT_STAT_ST_BLKSIZE 1
| #define HAVE_ST_BLKSIZE 1
| #define SIZEOF_LONG 4
| #define SIZEOF_INT 4
| #define SIZEOF_SHORT 2
| #define HAVE_TERMIOS_H 1
| #define HAVE_UTMPX_H 1
| #define STDC_HEADERS 1
| #define HAVE_SYS_WAIT_H 1
| #define HAVE_UNISTD_H 1
| #define HAVE_SYS_TIME_H 1
| #define HAVE_LASTLOG_H 1
| #define HAVE_UTMP_H 1
| #define HAVE_SHADOW_H 1
| #define HAVE_SGTTY_H 1
| #define HAVE_SYS_SELECT_H 1
| #define HAVE_SYS_IOCTL_H 1
| /* end confdefs.h.  */
| #include <machine/endian.h>
configure:7478: result: no
configure:7514: checking for machine/endian.h
configure:7521: result: no
configure:7551: checking paths.h usability
configure:7564: gcc -pipe -c -D_GNU_SOURCE -g -O2  conftest.c >&5
configure:7567: $? = 0
configure:7570: test -s conftest.o
configure:7573: $? = 0
configure:7583: result: yes
configure:7587: checking paths.h presence
configure:7598: gcc -pipe -E  conftest.c
configure:7604: $? = 0
configure:7623: result: yes
configure:7659: checking for paths.h
configure:7666: result: yes
configure:7551: checking usersec.h usability
configure:7564: gcc -pipe -c -D_GNU_SOURCE -g -O2  conftest.c >&5
configure:7628:21: usersec.h: No such file or directory
configure:7567: $? = 1
configure: failed program was:
| #line 7553 "configure"
| /* confdefs.h.  */
| 
| #define PACKAGE_NAME ""
| #define PACKAGE_TARNAME ""
| #define PACKAGE_VERSION ""
| #define PACKAGE_STRING ""
| #define PACKAGE_BUGREPORT ""
| #define PACKAGE "sshbbs"
| #define VERSION "1.0"
| #define HOSTTYPE "i686-pc-linux-gnu"
| #define HAVE_ETC_SHADOW 1
| #define RETSIGTYPE void
| #define STDC_HEADERS 1
| #define HAVE_SYS_TYPES_H 1
| #define HAVE_SYS_STAT_H 1
| #define HAVE_STDLIB_H 1
| #define HAVE_STRING_H 1
| #define HAVE_MEMORY_H 1
| #define HAVE_STRINGS_H 1
| #define HAVE_INTTYPES_H 1
| #define HAVE_STDINT_H 1
| #define HAVE_UNISTD_H 1
| #define HAVE_STRUCT_STAT_ST_BLKSIZE 1
| #define HAVE_ST_BLKSIZE 1
| #define SIZEOF_LONG 4
| #define SIZEOF_INT 4
| #define SIZEOF_SHORT 2
| #define HAVE_TERMIOS_H 1
| #define HAVE_UTMPX_H 1
| #define STDC_HEADERS 1
| #define HAVE_SYS_WAIT_H 1
| #define HAVE_UNISTD_H 1
| #define HAVE_SYS_TIME_H 1
| #define HAVE_LASTLOG_H 1
| #define HAVE_UTMP_H 1
| #define HAVE_SHADOW_H 1
| #define HAVE_SGTTY_H 1
| #define HAVE_SYS_SELECT_H 1
| #define HAVE_SYS_IOCTL_H 1
| #define HAVE_PATHS_H 1
| /* end confdefs.h.  */
| #include <stdio.h>
| #if HAVE_SYS_TYPES_H
| # include <sys/types.h>
| #endif
| #if HAVE_SYS_STAT_H
| # include <sys/stat.h>
| #endif
| #if STDC_HEADERS
| # include <stdlib.h>
| # include <stddef.h>
| #else
| # if HAVE_STDLIB_H
| #  include <stdlib.h>
| # endif
| #endif
| #if HAVE_STRING_H
| # if !STDC_HEADERS && HAVE_MEMORY_H
| #  include <memory.h>
| # endif
| # include <string.h>
| #endif
| #if HAVE_STRINGS_H
| # include <strings.h>
| #endif
| #if HAVE_INTTYPES_H
| # include <inttypes.h>
| #else
| # if HAVE_STDINT_H
| #  include <stdint.h>
| # endif
| #endif
| #if HAVE_UNISTD_H
| # include <unistd.h>
| #endif
| #include <usersec.h>
configure:7583: result: no
configure:7587: checking usersec.h presence
configure:7598: gcc -pipe -E  conftest.c
configure:7630:21: usersec.h: No such file or directory
configure:7604: $? = 1
configure: failed program was:
| #line 7589 "configure"
| /* confdefs.h.  */
| 
| #define PACKAGE_NAME ""
| #define PACKAGE_TARNAME ""
| #define PACKAGE_VERSION ""
| #define PACKAGE_STRING ""
| #define PACKAGE_BUGREPORT ""
| #define PACKAGE "sshbbs"
| #define VERSION "1.0"
| #define HOSTTYPE "i686-pc-linux-gnu"
| #define HAVE_ETC_SHADOW 1
| #define RETSIGTYPE void
| #define STDC_HEADERS 1
| #define HAVE_SYS_TYPES_H 1
| #define HAVE_SYS_STAT_H 1
| #define HAVE_STDLIB_H 1
| #define HAVE_STRING_H 1
| #define HAVE_MEMORY_H 1
| #define HAVE_STRINGS_H 1
| #define HAVE_INTTYPES_H 1
| #define HAVE_STDINT_H 1
| #define HAVE_UNISTD_H 1
| #define HAVE_STRUCT_STAT_ST_BLKSIZE 1
| #define HAVE_ST_BLKSIZE 1
| #define SIZEOF_LONG 4
| #define SIZEOF_INT 4
| #define SIZEOF_SHORT 2
| #define HAVE_TERMIOS_H 1
| #define HAVE_UTMPX_H 1
| #define STDC_HEADERS 1
| #define HAVE_SYS_WAIT_H 1
| #define HAVE_UNISTD_H 1
| #define HAVE_SYS_TIME_H 1
| #define HAVE_LASTLOG_H 1
| #define HAVE_UTMP_H 1
| #define HAVE_SHADOW_H 1
| #define HAVE_SGTTY_H 1
| #define HAVE_SYS_SELECT_H 1
| #define HAVE_SYS_IOCTL_H 1
| #define HAVE_PATHS_H 1
| /* end confdefs.h.  */
| #include <usersec.h>
configure:7623: result: no
configure:7659: checking for usersec.h
configure:7666: result: no
configure:7551: checking utime.h usability
configure:7564: gcc -pipe -c -D_GNU_SOURCE -g -O2  conftest.c >&5
configure:7567: $? = 0
configure:7570: test -s conftest.o
configure:7573: $? = 0
configure:7583: result: yes
configure:7587: checking utime.h presence
configure:7598: gcc -pipe -E  conftest.c
configure:7604: $? = 0
configure:7623: result: yes
configure:7659: checking for utime.h
configure:7666: result: yes
configure:7551: checking netinet/in_systm.h usability
configure:7564: gcc -pipe -c -D_GNU_SOURCE -g -O2  conftest.c >&5
configure:7567: $? = 0
configure:7570: test -s conftest.o
configure:7573: $? = 0
configure:7583: result: yes
configure:7587: checking netinet/in_systm.h presence
configure:7598: gcc -pipe -E  conftest.c
configure:7604: $? = 0
configure:7623: result: yes
configure:7659: checking for netinet/in_systm.h
configure:7666: result: yes
configure:7696: checking netinet/in_system.h usability
configure:7709: gcc -pipe -c -D_GNU_SOURCE -g -O2  conftest.c >&5
configure:7775:31: netinet/in_system.h: No such file or directory
configure:7712: $? = 1
configure: failed program was:
| #line 7698 "configure"
| /* confdefs.h.  */
| 
| #define PACKAGE_NAME ""
| #define PACKAGE_TARNAME ""
| #define PACKAGE_VERSION ""
| #define PACKAGE_STRING ""
| #define PACKAGE_BUGREPORT ""
| #define PACKAGE "sshbbs"
| #define VERSION "1.0"
| #define HOSTTYPE "i686-pc-linux-gnu"
| #define HAVE_ETC_SHADOW 1
| #define RETSIGTYPE void
| #define STDC_HEADERS 1
| #define HAVE_SYS_TYPES_H 1
| #define HAVE_SYS_STAT_H 1
| #define HAVE_STDLIB_H 1
| #define HAVE_STRING_H 1
| #define HAVE_MEMORY_H 1
| #define HAVE_STRINGS_H 1
| #define HAVE_INTTYPES_H 1
| #define HAVE_STDINT_H 1
| #define HAVE_UNISTD_H 1
| #define HAVE_STRUCT_STAT_ST_BLKSIZE 1
| #define HAVE_ST_BLKSIZE 1
| #define SIZEOF_LONG 4
| #define SIZEOF_INT 4
| #define SIZEOF_SHORT 2
| #define HAVE_TERMIOS_H 1
| #define HAVE_UTMPX_H 1
| #define STDC_HEADERS 1
| #define HAVE_SYS_WAIT_H 1
| #define HAVE_UNISTD_H 1
| #define HAVE_SYS_TIME_H 1
| #define HAVE_LASTLOG_H 1
| #define HAVE_UTMP_H 1
| #define HAVE_SHADOW_H 1
| #define HAVE_SGTTY_H 1
| #define HAVE_SYS_SELECT_H 1
| #define HAVE_SYS_IOCTL_H 1
| #define HAVE_PATHS_H 1
| #define HAVE_UTIME_H 1
| #define HAVE_NETINET_IN_SYSTM_H 1
| /* end confdefs.h.  */
| #include <stdio.h>
| #if HAVE_SYS_TYPES_H
| # include <sys/types.h>
| #endif
| #if HAVE_SYS_STAT_H
| # include <sys/stat.h>
| #endif
| #if STDC_HEADERS
| # include <stdlib.h>
| # include <stddef.h>
| #else
| # if HAVE_STDLIB_H
| #  include <stdlib.h>
| # endif
| #endif
| #if HAVE_STRING_H
| # if !STDC_HEADERS && HAVE_MEMORY_H
| #  include <memory.h>
| # endif
| # include <string.h>
| #endif
| #if HAVE_STRINGS_H
| # include <strings.h>
| #endif
| #if HAVE_INTTYPES_H
| # include <inttypes.h>
| #else
| # if HAVE_STDINT_H
| #  include <stdint.h>
| # endif
| #endif
| #if HAVE_UNISTD_H
| # include <unistd.h>
| #endif
| #include <netinet/in_system.h>
configure:7728: result: no
configure:7732: checking netinet/in_system.h presence
configure:7743: gcc -pipe -E  conftest.c
configure:7777:31: netinet/in_system.h: No such file or directory
configure:7749: $? = 1
configure: failed program was:
| #line 7734 "configure"
| /* confdefs.h.  */
| 
| #define PACKAGE_NAME ""
| #define PACKAGE_TARNAME ""
| #define PACKAGE_VERSION ""
| #define PACKAGE_STRING ""
| #define PACKAGE_BUGREPORT ""
| #define PACKAGE "sshbbs"
| #define VERSION "1.0"
| #define HOSTTYPE "i686-pc-linux-gnu"
| #define HAVE_ETC_SHADOW 1
| #define RETSIGTYPE void
| #define STDC_HEADERS 1
| #define HAVE_SYS_TYPES_H 1
| #define HAVE_SYS_STAT_H 1
| #define HAVE_STDLIB_H 1
| #define HAVE_STRING_H 1
| #define HAVE_MEMORY_H 1
| #define HAVE_STRINGS_H 1
| #define HAVE_INTTYPES_H 1
| #define HAVE_STDINT_H 1
| #define HAVE_UNISTD_H 1
| #define HAVE_STRUCT_STAT_ST_BLKSIZE 1
| #define HAVE_ST_BLKSIZE 1
| #define SIZEOF_LONG 4
| #define SIZEOF_INT 4
| #define SIZEOF_SHORT 2
| #define HAVE_TERMIOS_H 1
| #define HAVE_UTMPX_H 1
| #define STDC_HEADERS 1
| #define HAVE_SYS_WAIT_H 1
| #define HAVE_UNISTD_H 1
| #define HAVE_SYS_TIME_H 1
| #define HAVE_LASTLOG_H 1
| #define HAVE_UTMP_H 1
| #define HAVE_SHADOW_H 1
| #define HAVE_SGTTY_H 1
| #define HAVE_SYS_SELECT_H 1
| #define HAVE_SYS_IOCTL_H 1
| #define HAVE_PATHS_H 1
| #define HAVE_UTIME_H 1
| #define HAVE_NETINET_IN_SYSTM_H 1
| /* end confdefs.h.  */
| #include <netinet/in_system.h>
configure:7768: result: no
configure:7804: checking for netinet/in_system.h
configure:7811: result: no
configure:7696: checking netinet/ip.h usability
configure:7709: gcc -pipe -c -D_GNU_SOURCE -g -O2  conftest.c >&5
configure:7712: $? = 0
configure:7715: test -s conftest.o
configure:7718: $? = 0
configure:7728: result: yes
configure:7732: checking netinet/ip.h presence
configure:7743: gcc -pipe -E  conftest.c
configure:7749: $? = 0
configure:7768: result: yes
configure:7804: checking for netinet/ip.h
configure:7811: result: yes
configure:7696: checking netinet/tcp.h usability
configure:7709: gcc -pipe -c -D_GNU_SOURCE -g -O2  conftest.c >&5
configure:7712: $? = 0
configure:7715: test -s conftest.o
configure:7718: $? = 0
configure:7728: result: yes
configure:7732: checking netinet/tcp.h presence
configure:7743: gcc -pipe -E  conftest.c
configure:7749: $? = 0
configure:7768: result: yes
configure:7804: checking for netinet/tcp.h
configure:7811: result: yes
configure:7696: checking ulimit.h usability
configure:7709: gcc -pipe -c -D_GNU_SOURCE -g -O2  conftest.c >&5
configure:7712: $? = 0
configure:7715: test -s conftest.o
configure:7718: $? = 0
configure:7728: result: yes
configure:7732: checking ulimit.h presence
configure:7743: gcc -pipe -E  conftest.c
configure:7749: $? = 0
configure:7768: result: yes
configure:7804: checking for ulimit.h
configure:7811: result: yes
configure:7841: checking sys/resource.h usability
configure:7854: gcc -pipe -c -D_GNU_SOURCE -g -O2  conftest.c >&5
configure:7857: $? = 0
configure:7860: test -s conftest.o
configure:7863: $? = 0
configure:7873: result: yes
configure:7877: checking sys/resource.h presence
configure:7888: gcc -pipe -E  conftest.c
configure:7894: $? = 0
configure:7913: result: yes
configure:7949: checking for sys/resource.h
configure:7956: result: yes
configure:7841: checking login_cap.h usability
configure:7854: gcc -pipe -c -D_GNU_SOURCE -g -O2  conftest.c >&5
configure:7924:23: login_cap.h: No such file or directory
configure:7857: $? = 1
configure: failed program was:
| #line 7843 "configure"
| /* confdefs.h.  */
| 
| #define PACKAGE_NAME ""
| #define PACKAGE_TARNAME ""
| #define PACKAGE_VERSION ""
| #define PACKAGE_STRING ""
| #define PACKAGE_BUGREPORT ""
| #define PACKAGE "sshbbs"
| #define VERSION "1.0"
| #define HOSTTYPE "i686-pc-linux-gnu"
| #define HAVE_ETC_SHADOW 1
| #define RETSIGTYPE void
| #define STDC_HEADERS 1
| #define HAVE_SYS_TYPES_H 1
| #define HAVE_SYS_STAT_H 1
| #define HAVE_STDLIB_H 1
| #define HAVE_STRING_H 1
| #define HAVE_MEMORY_H 1
| #define HAVE_STRINGS_H 1
| #define HAVE_INTTYPES_H 1
| #define HAVE_STDINT_H 1
| #define HAVE_UNISTD_H 1
| #define HAVE_STRUCT_STAT_ST_BLKSIZE 1
| #define HAVE_ST_BLKSIZE 1
| #define SIZEOF_LONG 4
| #define SIZEOF_INT 4
| #define SIZEOF_SHORT 2
| #define HAVE_TERMIOS_H 1
| #define HAVE_UTMPX_H 1
| #define STDC_HEADERS 1
| #define HAVE_SYS_WAIT_H 1
| #define HAVE_UNISTD_H 1
| #define HAVE_SYS_TIME_H 1
| #define HAVE_LASTLOG_H 1
| #define HAVE_UTMP_H 1
| #define HAVE_SHADOW_H 1
| #define HAVE_SGTTY_H 1
| #define HAVE_SYS_SELECT_H 1
| #define HAVE_SYS_IOCTL_H 1
| #define HAVE_PATHS_H 1
| #define HAVE_UTIME_H 1
| #define HAVE_NETINET_IN_SYSTM_H 1
| #define HAVE_NETINET_IP_H 1
| #define HAVE_NETINET_TCP_H 1
| #define HAVE_ULIMIT_H 1
| #define HAVE_SYS_RESOURCE_H 1
| /* end confdefs.h.  */
| #include <stdio.h>
| #if HAVE_SYS_TYPES_H
| # include <sys/types.h>
| #endif
| #if HAVE_SYS_STAT_H
| # include <sys/stat.h>
| #endif
| #if STDC_HEADERS
| # include <stdlib.h>
| # include <stddef.h>
| #else
| # if HAVE_STDLIB_H
| #  include <stdlib.h>
| # endif
| #endif
| #if HAVE_STRING_H
| # if !STDC_HEADERS && HAVE_MEMORY_H
| #  include <memory.h>
| # endif
| # include <string.h>
| #endif
| #if HAVE_STRINGS_H
| # include <strings.h>
| #endif
| #if HAVE_INTTYPES_H
| # include <inttypes.h>
| #else
| # if HAVE_STDINT_H
| #  include <stdint.h>
| # endif
| #endif
| #if HAVE_UNISTD_H
| # include <unistd.h>
| #endif
| #include <login_cap.h>
configure:7873: result: no
configure:7877: checking login_cap.h presence
configure:7888: gcc -pipe -E  conftest.c
configure:7926:23: login_cap.h: No such file or directory
configure:7894: $? = 1
configure: failed program was:
| #line 7879 "configure"
| /* confdefs.h.  */
| 
| #define PACKAGE_NAME ""
| #define PACKAGE_TARNAME ""
| #define PACKAGE_VERSION ""
| #define PACKAGE_STRING ""
| #define PACKAGE_BUGREPORT ""
| #define PACKAGE "sshbbs"
| #define VERSION "1.0"
| #define HOSTTYPE "i686-pc-linux-gnu"
| #define HAVE_ETC_SHADOW 1
| #define RETSIGTYPE void
| #define STDC_HEADERS 1
| #define HAVE_SYS_TYPES_H 1
| #define HAVE_SYS_STAT_H 1
| #define HAVE_STDLIB_H 1
| #define HAVE_STRING_H 1
| #define HAVE_MEMORY_H 1
| #define HAVE_STRINGS_H 1
| #define HAVE_INTTYPES_H 1
| #define HAVE_STDINT_H 1
| #define HAVE_UNISTD_H 1
| #define HAVE_STRUCT_STAT_ST_BLKSIZE 1
| #define HAVE_ST_BLKSIZE 1
| #define SIZEOF_LONG 4
| #define SIZEOF_INT 4
| #define SIZEOF_SHORT 2
| #define HAVE_TERMIOS_H 1
| #define HAVE_UTMPX_H 1
| #define STDC_HEADERS 1
| #define HAVE_SYS_WAIT_H 1
| #define HAVE_UNISTD_H 1
| #define HAVE_SYS_TIME_H 1
| #define HAVE_LASTLOG_H 1
| #define HAVE_UTMP_H 1
| #define HAVE_SHADOW_H 1
| #define HAVE_SGTTY_H 1
| #define HAVE_SYS_SELECT_H 1
| #define HAVE_SYS_IOCTL_H 1
| #define HAVE_PATHS_H 1
| #define HAVE_UTIME_H 1
| #define HAVE_NETINET_IN_SYSTM_H 1
| #define HAVE_NETINET_IP_H 1
| #define HAVE_NETINET_TCP_H 1
| #define HAVE_ULIMIT_H 1
| #define HAVE_SYS_RESOURCE_H 1
| /* end confdefs.h.  */
| #include <login_cap.h>
configure:7913: result: no
configure:7949: checking for login_cap.h
configure:7956: result: no
configure:7841: checking sys/stream.h usability
configure:7854: gcc -pipe -c -D_GNU_SOURCE -g -O2  conftest.c >&5
configure:7924:24: sys/stream.h: No such file or directory
configure:7857: $? = 1
configure: failed program was:
| #line 7843 "configure"
| /* confdefs.h.  */
| 
| #define PACKAGE_NAME ""
| #define PACKAGE_TARNAME ""
| #define PACKAGE_VERSION ""
| #define PACKAGE_STRING ""
| #define PACKAGE_BUGREPORT ""
| #define PACKAGE "sshbbs"
| #define VERSION "1.0"
| #define HOSTTYPE "i686-pc-linux-gnu"
| #define HAVE_ETC_SHADOW 1
| #define RETSIGTYPE void
| #define STDC_HEADERS 1
| #define HAVE_SYS_TYPES_H 1
| #define HAVE_SYS_STAT_H 1
| #define HAVE_STDLIB_H 1
| #define HAVE_STRING_H 1
| #define HAVE_MEMORY_H 1
| #define HAVE_STRINGS_H 1
| #define HAVE_INTTYPES_H 1
| #define HAVE_STDINT_H 1
| #define HAVE_UNISTD_H 1
| #define HAVE_STRUCT_STAT_ST_BLKSIZE 1
| #define HAVE_ST_BLKSIZE 1
| #define SIZEOF_LONG 4
| #define SIZEOF_INT 4
| #define SIZEOF_SHORT 2
| #define HAVE_TERMIOS_H 1
| #define HAVE_UTMPX_H 1
| #define STDC_HEADERS 1
| #define HAVE_SYS_WAIT_H 1
| #define HAVE_UNISTD_H 1
| #define HAVE_SYS_TIME_H 1
| #define HAVE_LASTLOG_H 1
| #define HAVE_UTMP_H 1
| #define HAVE_SHADOW_H 1
| #define HAVE_SGTTY_H 1
| #define HAVE_SYS_SELECT_H 1
| #define HAVE_SYS_IOCTL_H 1
| #define HAVE_PATHS_H 1
| #define HAVE_UTIME_H 1
| #define HAVE_NETINET_IN_SYSTM_H 1
| #define HAVE_NETINET_IP_H 1
| #define HAVE_NETINET_TCP_H 1
| #define HAVE_ULIMIT_H 1
| #define HAVE_SYS_RESOURCE_H 1
| /* end confdefs.h.  */
| #include <stdio.h>
| #if HAVE_SYS_TYPES_H
| # include <sys/types.h>
| #endif
| #if HAVE_SYS_STAT_H
| # include <sys/stat.h>
| #endif
| #if STDC_HEADERS
| # include <stdlib.h>
| # include <stddef.h>
| #else
| # if HAVE_STDLIB_H
| #  include <stdlib.h>
| # endif
| #endif
| #if HAVE_STRING_H
| # if !STDC_HEADERS && HAVE_MEMORY_H
| #  include <memory.h>
| # endif
| # include <string.h>
| #endif
| #if HAVE_STRINGS_H
| # include <strings.h>
| #endif
| #if HAVE_INTTYPES_H
| # include <inttypes.h>
| #else
| # if HAVE_STDINT_H
| #  include <stdint.h>
| # endif
| #endif
| #if HAVE_UNISTD_H
| # include <unistd.h>
| #endif
| #include <sys/stream.h>
configure:7873: result: no
configure:7877: checking sys/stream.h presence
configure:7888: gcc -pipe -E  conftest.c
configure:7926:24: sys/stream.h: No such file or directory
configure:7894: $? = 1
configure: failed program was:
| #line 7879 "configure"
| /* confdefs.h.  */
| 
| #define PACKAGE_NAME ""
| #define PACKAGE_TARNAME ""
| #define PACKAGE_VERSION ""
| #define PACKAGE_STRING ""
| #define PACKAGE_BUGREPORT ""
| #define PACKAGE "sshbbs"
| #define VERSION "1.0"
| #define HOSTTYPE "i686-pc-linux-gnu"
| #define HAVE_ETC_SHADOW 1
| #define RETSIGTYPE void
| #define STDC_HEADERS 1
| #define HAVE_SYS_TYPES_H 1
| #define HAVE_SYS_STAT_H 1
| #define HAVE_STDLIB_H 1
| #define HAVE_STRING_H 1
| #define HAVE_MEMORY_H 1
| #define HAVE_STRINGS_H 1
| #define HAVE_INTTYPES_H 1
| #define HAVE_STDINT_H 1
| #define HAVE_UNISTD_H 1
| #define HAVE_STRUCT_STAT_ST_BLKSIZE 1
| #define HAVE_ST_BLKSIZE 1
| #define SIZEOF_LONG 4
| #define SIZEOF_INT 4
| #define SIZEOF_SHORT 2
| #define HAVE_TERMIOS_H 1
| #define HAVE_UTMPX_H 1
| #define STDC_HEADERS 1
| #define HAVE_SYS_WAIT_H 1
| #define HAVE_UNISTD_H 1
| #define HAVE_SYS_TIME_H 1
| #define HAVE_LASTLOG_H 1
| #define HAVE_UTMP_H 1
| #define HAVE_SHADOW_H 1
| #define HAVE_SGTTY_H 1
| #define HAVE_SYS_SELECT_H 1
| #define HAVE_SYS_IOCTL_H 1
| #define HAVE_PATHS_H 1
| #define HAVE_UTIME_H 1
| #define HAVE_NETINET_IN_SYSTM_H 1
| #define HAVE_NETINET_IP_H 1
| #define HAVE_NETINET_TCP_H 1
| #define HAVE_ULIMIT_H 1
| #define HAVE_SYS_RESOURCE_H 1
| /* end confdefs.h.  */
| #include <sys/stream.h>
configure:7913: result: no
configure:7949: checking for sys/stream.h
configure:7956: result: no
configure:7841: checking sys/conf.h usability
configure:7854: gcc -pipe -c -D_GNU_SOURCE -g -O2  conftest.c >&5
configure:7924:22: sys/conf.h: No such file or directory
configure:7857: $? = 1
configure: failed program was:
| #line 7843 "configure"
| /* confdefs.h.  */
| 
| #define PACKAGE_NAME ""
| #define PACKAGE_TARNAME ""
| #define PACKAGE_VERSION ""
| #define PACKAGE_STRING ""
| #define PACKAGE_BUGREPORT ""
| #define PACKAGE "sshbbs"
| #define VERSION "1.0"
| #define HOSTTYPE "i686-pc-linux-gnu"
| #define HAVE_ETC_SHADOW 1
| #define RETSIGTYPE void
| #define STDC_HEADERS 1
| #define HAVE_SYS_TYPES_H 1
| #define HAVE_SYS_STAT_H 1
| #define HAVE_STDLIB_H 1
| #define HAVE_STRING_H 1
| #define HAVE_MEMORY_H 1
| #define HAVE_STRINGS_H 1
| #define HAVE_INTTYPES_H 1
| #define HAVE_STDINT_H 1
| #define HAVE_UNISTD_H 1
| #define HAVE_STRUCT_STAT_ST_BLKSIZE 1
| #define HAVE_ST_BLKSIZE 1
| #define SIZEOF_LONG 4
| #define SIZEOF_INT 4
| #define SIZEOF_SHORT 2
| #define HAVE_TERMIOS_H 1
| #define HAVE_UTMPX_H 1
| #define STDC_HEADERS 1
| #define HAVE_SYS_WAIT_H 1
| #define HAVE_UNISTD_H 1
| #define HAVE_SYS_TIME_H 1
| #define HAVE_LASTLOG_H 1
| #define HAVE_UTMP_H 1
| #define HAVE_SHADOW_H 1
| #define HAVE_SGTTY_H 1
| #define HAVE_SYS_SELECT_H 1
| #define HAVE_SYS_IOCTL_H 1
| #define HAVE_PATHS_H 1
| #define HAVE_UTIME_H 1
| #define HAVE_NETINET_IN_SYSTM_H 1
| #define HAVE_NETINET_IP_H 1
| #define HAVE_NETINET_TCP_H 1
| #define HAVE_ULIMIT_H 1
| #define HAVE_SYS_RESOURCE_H 1
| /* end confdefs.h.  */
| #include <stdio.h>
| #if HAVE_SYS_TYPES_H
| # include <sys/types.h>
| #endif
| #if HAVE_SYS_STAT_H
| # include <sys/stat.h>
| #endif
| #if STDC_HEADERS
| # include <stdlib.h>
| # include <stddef.h>
| #else
| # if HAVE_STDLIB_H
| #  include <stdlib.h>
| # endif
| #endif
| #if HAVE_STRING_H
| # if !STDC_HEADERS && HAVE_MEMORY_H
| #  include <memory.h>
| # endif
| # include <string.h>
| #endif
| #if HAVE_STRINGS_H
| # include <strings.h>
| #endif
| #if HAVE_INTTYPES_H
| # include <inttypes.h>
| #else
| # if HAVE_STDINT_H
| #  include <stdint.h>
| # endif
| #endif
| #if HAVE_UNISTD_H
| # include <unistd.h>
| #endif
| #include <sys/conf.h>
configure:7873: result: no
configure:7877: checking sys/conf.h presence
configure:7888: gcc -pipe -E  conftest.c
configure:7926:22: sys/conf.h: No such file or directory
configure:7894: $? = 1
configure: failed program was:
| #line 7879 "configure"
| /* confdefs.h.  */
| 
| #define PACKAGE_NAME ""
| #define PACKAGE_TARNAME ""
| #define PACKAGE_VERSION ""
| #define PACKAGE_STRING ""
| #define PACKAGE_BUGREPORT ""
| #define PACKAGE "sshbbs"
| #define VERSION "1.0"
| #define HOSTTYPE "i686-pc-linux-gnu"
| #define HAVE_ETC_SHADOW 1
| #define RETSIGTYPE void
| #define STDC_HEADERS 1
| #define HAVE_SYS_TYPES_H 1
| #define HAVE_SYS_STAT_H 1
| #define HAVE_STDLIB_H 1
| #define HAVE_STRING_H 1
| #define HAVE_MEMORY_H 1
| #define HAVE_STRINGS_H 1
| #define HAVE_INTTYPES_H 1
| #define HAVE_STDINT_H 1
| #define HAVE_UNISTD_H 1
| #define HAVE_STRUCT_STAT_ST_BLKSIZE 1
| #define HAVE_ST_BLKSIZE 1
| #define SIZEOF_LONG 4
| #define SIZEOF_INT 4
| #define SIZEOF_SHORT 2
| #define HAVE_TERMIOS_H 1
| #define HAVE_UTMPX_H 1
| #define STDC_HEADERS 1
| #define HAVE_SYS_WAIT_H 1
| #define HAVE_UNISTD_H 1
| #define HAVE_SYS_TIME_H 1
| #define HAVE_LASTLOG_H 1
| #define HAVE_UTMP_H 1
| #define HAVE_SHADOW_H 1
| #define HAVE_SGTTY_H 1
| #define HAVE_SYS_SELECT_H 1
| #define HAVE_SYS_IOCTL_H 1
| #define HAVE_PATHS_H 1
| #define HAVE_UTIME_H 1
| #define HAVE_NETINET_IN_SYSTM_H 1
| #define HAVE_NETINET_IP_H 1
| #define HAVE_NETINET_TCP_H 1
| #define HAVE_ULIMIT_H 1
| #define HAVE_SYS_RESOURCE_H 1
| /* end confdefs.h.  */
| #include <sys/conf.h>
configure:7913: result: no
configure:7949: checking for sys/conf.h
configure:7956: result: no
configure:7969: checking whether time.h and sys/time.h may both be included
configure:7995: gcc -pipe -c -D_GNU_SOURCE -g -O2  conftest.c >&5
configure:7998: $? = 0
configure:8001: test -s conftest.o
configure:8004: $? = 0
configure:8015: result: yes
configure:8033: checking for dirent.h that defines DIR
configure:8058: gcc -pipe -c -D_GNU_SOURCE -g -O2  conftest.c >&5
configure:8061: $? = 0
configure:8064: test -s conftest.o
configure:8067: $? = 0
configure:8078: result: yes
configure:8091: checking for library containing opendir
configure:8122: gcc -pipe -o conftest -D_GNU_SOURCE -g -O2   conftest.c  >&5
configure:8125: $? = 0
configure:8128: test -s conftest
configure:8131: $? = 0
configure:8190: result: none required
configure:8306: checking whether stat file-mode macros are broken
configure:8355: result: no
configure:8365: checking whether sys/types.h defines makedev
configure:8387: gcc -pipe -o conftest -D_GNU_SOURCE -g -O2   conftest.c  >&5
configure:8390: $? = 0
configure:8393: test -s conftest
configure:8396: $? = 0
configure:8408: result: yes
configure:8693: checking whether utmp have ut_pid field
configure:8711: result: yes
configure:8719: checking whether utmp have ut_name field
configure:8737: result: yes
configure:8745: checking whether utmp have ut_id field
configure:8763: result: yes
configure:8771: checking whether utmp have ut_host field
configure:8789: result: yes
configure:8797: checking whether utmp have ut_addr field
configure:8815: result: yes
configure:8823: checking whether you have incompatible SIGINFO macro
configure:8879:25: sys/siginfo.h: No such file or directory
configure:8844: result: no
configure:8851: checking for getspnam in -lsec
configure:8882: gcc -pipe -o conftest -D_GNU_SOURCE -g -O2   conftest.c -lsec   >&5
/usr/bin/ld: cannot find -lsec
collect2: ld returned 1 exit status
configure:8885: $? = 1
configure: failed program was:
| #line 8858 "configure"
| /* confdefs.h.  */
| 
| #define PACKAGE_NAME ""
| #define PACKAGE_TARNAME ""
| #define PACKAGE_VERSION ""
| #define PACKAGE_STRING ""
| #define PACKAGE_BUGREPORT ""
| #define PACKAGE "sshbbs"
| #define VERSION "1.0"
| #define HOSTTYPE "i686-pc-linux-gnu"
| #define HAVE_ETC_SHADOW 1
| #define RETSIGTYPE void
| #define STDC_HEADERS 1
| #define HAVE_SYS_TYPES_H 1
| #define HAVE_SYS_STAT_H 1
| #define HAVE_STDLIB_H 1
| #define HAVE_STRING_H 1
| #define HAVE_MEMORY_H 1
| #define HAVE_STRINGS_H 1
| #define HAVE_INTTYPES_H 1
| #define HAVE_STDINT_H 1
| #define HAVE_UNISTD_H 1
| #define HAVE_STRUCT_STAT_ST_BLKSIZE 1
| #define HAVE_ST_BLKSIZE 1
| #define SIZEOF_LONG 4
| #define SIZEOF_INT 4
| #define SIZEOF_SHORT 2
| #define HAVE_TERMIOS_H 1
| #define HAVE_UTMPX_H 1
| #define STDC_HEADERS 1
| #define HAVE_SYS_WAIT_H 1
| #define HAVE_UNISTD_H 1
| #define HAVE_SYS_TIME_H 1
| #define HAVE_LASTLOG_H 1
| #define HAVE_UTMP_H 1
| #define HAVE_SHADOW_H 1
| #define HAVE_SGTTY_H 1
| #define HAVE_SYS_SELECT_H 1
| #define HAVE_SYS_IOCTL_H 1
| #define HAVE_PATHS_H 1
| #define HAVE_UTIME_H 1
| #define HAVE_NETINET_IN_SYSTM_H 1
| #define HAVE_NETINET_IP_H 1
| #define HAVE_NETINET_TCP_H 1
| #define HAVE_ULIMIT_H 1
| #define HAVE_SYS_RESOURCE_H 1
| #define TIME_WITH_SYS_TIME 1
| #define HAVE_DIRENT_H 1
| #define HAVE_PID_IN_UTMP 1
| #define HAVE_NAME_IN_UTMP 1
| #define HAVE_ID_IN_UTMP 1
| #define HAVE_HOST_IN_UTMP 1
| #define HAVE_ADDR_IN_UTMP 1
| /* end confdefs.h.  */
| 
| /* Override any gcc2 internal prototype to avoid an error.  */
| #ifdef __cplusplus
| extern "C"
| #endif
| /* We use char because int might match the return type of a gcc2
|    builtin and then its argument prototype would still apply.  */
| char getspnam ();
| int
| main ()
| {
| getspnam ();
|   ;
|   return 0;
| }
configure:8903: result: no
configure:8915: checking for get_process_stats in -lseq
configure:8946: gcc -pipe -o conftest -D_GNU_SOURCE -g -O2   conftest.c -lseq   >&5
/usr/bin/ld: cannot find -lseq
collect2: ld returned 1 exit status
configure:8949: $? = 1
configure: failed program was:
| #line 8922 "configure"
| /* confdefs.h.  */
| 
| #define PACKAGE_NAME ""
| #define PACKAGE_TARNAME ""
| #define PACKAGE_VERSION ""
| #define PACKAGE_STRING ""
| #define PACKAGE_BUGREPORT ""
| #define PACKAGE "sshbbs"
| #define VERSION "1.0"
| #define HOSTTYPE "i686-pc-linux-gnu"
| #define HAVE_ETC_SHADOW 1
| #define RETSIGTYPE void
| #define STDC_HEADERS 1
| #define HAVE_SYS_TYPES_H 1
| #define HAVE_SYS_STAT_H 1
| #define HAVE_STDLIB_H 1
| #define HAVE_STRING_H 1
| #define HAVE_MEMORY_H 1
| #define HAVE_STRINGS_H 1
| #define HAVE_INTTYPES_H 1
| #define HAVE_STDINT_H 1
| #define HAVE_UNISTD_H 1
| #define HAVE_STRUCT_STAT_ST_BLKSIZE 1
| #define HAVE_ST_BLKSIZE 1
| #define SIZEOF_LONG 4
| #define SIZEOF_INT 4
| #define SIZEOF_SHORT 2
| #define HAVE_TERMIOS_H 1
| #define HAVE_UTMPX_H 1
| #define STDC_HEADERS 1
| #define HAVE_SYS_WAIT_H 1
| #define HAVE_UNISTD_H 1
| #define HAVE_SYS_TIME_H 1
| #define HAVE_LASTLOG_H 1
| #define HAVE_UTMP_H 1
| #define HAVE_SHADOW_H 1
| #define HAVE_SGTTY_H 1
| #define HAVE_SYS_SELECT_H 1
| #define HAVE_SYS_IOCTL_H 1
| #define HAVE_PATHS_H 1
| #define HAVE_UTIME_H 1
| #define HAVE_NETINET_IN_SYSTM_H 1
| #define HAVE_NETINET_IP_H 1
| #define HAVE_NETINET_TCP_H 1
| #define HAVE_ULIMIT_H 1
| #define HAVE_SYS_RESOURCE_H 1
| #define TIME_WITH_SYS_TIME 1
| #define HAVE_DIRENT_H 1
| #define HAVE_PID_IN_UTMP 1
| #define HAVE_NAME_IN_UTMP 1
| #define HAVE_ID_IN_UTMP 1
| #define HAVE_HOST_IN_UTMP 1
| #define HAVE_ADDR_IN_UTMP 1
| /* end confdefs.h.  */
| 
| /* Override any gcc2 internal prototype to avoid an error.  */
| #ifdef __cplusplus
| extern "C"
| #endif
| /* We use char because int might match the return type of a gcc2
|    builtin and then its argument prototype would still apply.  */
| char get_process_stats ();
| int
| main ()
| {
| get_process_stats ();
|   ;
|   return 0;
| }
configure:8967: result: no
configure:8979: checking for bcopy in -lbsd
configure:9010: gcc -pipe -o conftest -D_GNU_SOURCE -g -O2   conftest.c -lbsd   >&5
configure:9047: warning: conflicting types for built-in function `bcopy'
configure:9013: $? = 0
configure:9016: test -s conftest
configure:9019: $? = 0
configure:9031: result: yes
configure:9044: checking for main in -lnsl
configure:9069: gcc -pipe -o conftest -D_GNU_SOURCE -g -O2   conftest.c -lnsl  -lbsd  >&5
configure:9072: $? = 0
configure:9075: test -s conftest
configure:9078: $? = 0
configure:9090: result: yes
configure:9170: checking for socket in -lsocket
configure:9201: gcc -pipe -o conftest -D_GNU_SOURCE -g -O2   conftest.c -lsocket  -lnsl -lbsd  >&5
/usr/bin/ld: cannot find -lsocket
collect2: ld returned 1 exit status
configure:9204: $? = 1
configure: failed program was:
| #line 9177 "configure"
| /* confdefs.h.  */
| 
| #define PACKAGE_NAME ""
| #define PACKAGE_TARNAME ""
| #define PACKAGE_VERSION ""
| #define PACKAGE_STRING ""
| #define PACKAGE_BUGREPORT ""
| #define PACKAGE "sshbbs"
| #define VERSION "1.0"
| #define HOSTTYPE "i686-pc-linux-gnu"
| #define HAVE_ETC_SHADOW 1
| #define RETSIGTYPE void
| #define STDC_HEADERS 1
| #define HAVE_SYS_TYPES_H 1
| #define HAVE_SYS_STAT_H 1
| #define HAVE_STDLIB_H 1
| #define HAVE_STRING_H 1
| #define HAVE_MEMORY_H 1
| #define HAVE_STRINGS_H 1
| #define HAVE_INTTYPES_H 1
| #define HAVE_STDINT_H 1
| #define HAVE_UNISTD_H 1
| #define HAVE_STRUCT_STAT_ST_BLKSIZE 1
| #define HAVE_ST_BLKSIZE 1
| #define SIZEOF_LONG 4
| #define SIZEOF_INT 4
| #define SIZEOF_SHORT 2
| #define HAVE_TERMIOS_H 1
| #define HAVE_UTMPX_H 1
| #define STDC_HEADERS 1
| #define HAVE_SYS_WAIT_H 1
| #define HAVE_UNISTD_H 1
| #define HAVE_SYS_TIME_H 1
| #define HAVE_LASTLOG_H 1
| #define HAVE_UTMP_H 1
| #define HAVE_SHADOW_H 1
| #define HAVE_SGTTY_H 1
| #define HAVE_SYS_SELECT_H 1
| #define HAVE_SYS_IOCTL_H 1
| #define HAVE_PATHS_H 1
| #define HAVE_UTIME_H 1
| #define HAVE_NETINET_IN_SYSTM_H 1
| #define HAVE_NETINET_IP_H 1
| #define HAVE_NETINET_TCP_H 1
| #define HAVE_ULIMIT_H 1
| #define HAVE_SYS_RESOURCE_H 1
| #define TIME_WITH_SYS_TIME 1
| #define HAVE_DIRENT_H 1
| #define HAVE_PID_IN_UTMP 1
| #define HAVE_NAME_IN_UTMP 1
| #define HAVE_ID_IN_UTMP 1
| #define HAVE_HOST_IN_UTMP 1
| #define HAVE_ADDR_IN_UTMP 1
| #define HAVE_LIBBSD 1
| #define HAVE_LIBNSL 1
| /* end confdefs.h.  */
| 
| /* Override any gcc2 internal prototype to avoid an error.  */
| #ifdef __cplusplus
| extern "C"
| #endif
| /* We use char because int might match the return type of a gcc2
|    builtin and then its argument prototype would still apply.  */
| char socket ();
| int
| main ()
| {
| socket ();
|   ;
|   return 0;
| }
configure:9222: result: no
configure:9236: checking for getpwnam in -lsun
configure:9267: gcc -pipe -o conftest -D_GNU_SOURCE -g -O2   conftest.c -lsun  -lnsl -lbsd  >&5
/usr/bin/ld: cannot find -lsun
collect2: ld returned 1 exit status
configure:9270: $? = 1
configure: failed program was:
| #line 9243 "configure"
| /* confdefs.h.  */
| 
| #define PACKAGE_NAME ""
| #define PACKAGE_TARNAME ""
| #define PACKAGE_VERSION ""
| #define PACKAGE_STRING ""
| #define PACKAGE_BUGREPORT ""
| #define PACKAGE "sshbbs"
| #define VERSION "1.0"
| #define HOSTTYPE "i686-pc-linux-gnu"
| #define HAVE_ETC_SHADOW 1
| #define RETSIGTYPE void
| #define STDC_HEADERS 1
| #define HAVE_SYS_TYPES_H 1
| #define HAVE_SYS_STAT_H 1
| #define HAVE_STDLIB_H 1
| #define HAVE_STRING_H 1
| #define HAVE_MEMORY_H 1
| #define HAVE_STRINGS_H 1
| #define HAVE_INTTYPES_H 1
| #define HAVE_STDINT_H 1
| #define HAVE_UNISTD_H 1
| #define HAVE_STRUCT_STAT_ST_BLKSIZE 1
| #define HAVE_ST_BLKSIZE 1
| #define SIZEOF_LONG 4
| #define SIZEOF_INT 4
| #define SIZEOF_SHORT 2
| #define HAVE_TERMIOS_H 1
| #define HAVE_UTMPX_H 1
| #define STDC_HEADERS 1
| #define HAVE_SYS_WAIT_H 1
| #define HAVE_UNISTD_H 1
| #define HAVE_SYS_TIME_H 1
| #define HAVE_LASTLOG_H 1
| #define HAVE_UTMP_H 1
| #define HAVE_SHADOW_H 1
| #define HAVE_SGTTY_H 1
| #define HAVE_SYS_SELECT_H 1
| #define HAVE_SYS_IOCTL_H 1
| #define HAVE_PATHS_H 1
| #define HAVE_UTIME_H 1
| #define HAVE_NETINET_IN_SYSTM_H 1
| #define HAVE_NETINET_IP_H 1
| #define HAVE_NETINET_TCP_H 1
| #define HAVE_ULIMIT_H 1
| #define HAVE_SYS_RESOURCE_H 1
| #define TIME_WITH_SYS_TIME 1
| #define HAVE_DIRENT_H 1
| #define HAVE_PID_IN_UTMP 1
| #define HAVE_NAME_IN_UTMP 1
| #define HAVE_ID_IN_UTMP 1
| #define HAVE_HOST_IN_UTMP 1
| #define HAVE_ADDR_IN_UTMP 1
| #define HAVE_LIBBSD 1
| #define HAVE_LIBNSL 1
| /* end confdefs.h.  */
| 
| /* Override any gcc2 internal prototype to avoid an error.  */
| #ifdef __cplusplus
| extern "C"
| #endif
| /* We use char because int might match the return type of a gcc2
|    builtin and then its argument prototype would still apply.  */
| char getpwnam ();
| int
| main ()
| {
| getpwnam ();
|   ;
|   return 0;
| }
configure:9288: result: no
configure:9306: checking for vhangup
configure:9356: gcc -pipe -o conftest -D_GNU_SOURCE -g -O2   conftest.c -lnsl -lbsd  >&5
configure:9359: $? = 0
configure:9362: test -s conftest
configure:9365: $? = 0
configure:9376: result: yes
configure:9393: checking for setsid
configure:9443: gcc -pipe -o conftest -D_GNU_SOURCE -g -O2   conftest.c -lnsl -lbsd  >&5
configure:9446: $? = 0
configure:9449: test -s conftest
configure:9452: $? = 0
configure:9463: result: yes
configure:9484: checking for gettimeofday
configure:9534: gcc -pipe -o conftest -D_GNU_SOURCE -g -O2   conftest.c -lnsl -lbsd  >&5
configure:9537: $? = 0
configure:9540: test -s conftest
configure:9543: $? = 0
configure:9554: result: yes
configure:9484: checking for times
configure:9534: gcc -pipe -o conftest -D_GNU_SOURCE -g -O2   conftest.c -lnsl -lbsd  >&5
configure:9537: $? = 0
configure:9540: test -s conftest
configure:9543: $? = 0
configure:9554: result: yes
configure:9484: checking for getrusage
configure:9534: gcc -pipe -o conftest -D_GNU_SOURCE -g -O2   conftest.c -lnsl -lbsd  >&5
configure:9537: $? = 0
configure:9540: test -s conftest
configure:9543: $? = 0
configure:9554: result: yes
configure:9484: checking for ftruncate
configure:9534: gcc -pipe -o conftest -D_GNU_SOURCE -g -O2   conftest.c -lnsl -lbsd  >&5
configure:9537: $? = 0
configure:9540: test -s conftest
configure:9543: $? = 0
configure:9554: result: yes
configure:9484: checking for revoke
configure:9534: gcc -pipe -o conftest -D_GNU_SOURCE -g -O2   conftest.c -lnsl -lbsd  >&5
configure:9572: syntax error before "me"
configure:9580: syntax error before "int"
configure: In function `main':
configure:9583: `f' undeclared (first use in this function)
configure:9583: (Each undeclared identifier is reported only once
configure:9583: for each function it appears in.)
configure:9537: $? = 1
configure: failed program was:
| #line 9489 "configure"
| /* confdefs.h.  */
| 
| #define PACKAGE_NAME ""
| #define PACKAGE_TARNAME ""
| #define PACKAGE_VERSION ""
| #define PACKAGE_STRING ""
| #define PACKAGE_BUGREPORT ""
| #define PACKAGE "sshbbs"
| #define VERSION "1.0"
| #define HOSTTYPE "i686-pc-linux-gnu"
| #define HAVE_ETC_SHADOW 1
| #define RETSIGTYPE void
| #define STDC_HEADERS 1
| #define HAVE_SYS_TYPES_H 1
| #define HAVE_SYS_STAT_H 1
| #define HAVE_STDLIB_H 1
| #define HAVE_STRING_H 1
| #define HAVE_MEMORY_H 1
| #define HAVE_STRINGS_H 1
| #define HAVE_INTTYPES_H 1
| #define HAVE_STDINT_H 1
| #define HAVE_UNISTD_H 1
| #define HAVE_STRUCT_STAT_ST_BLKSIZE 1
| #define HAVE_ST_BLKSIZE 1
| #define SIZEOF_LONG 4
| #define SIZEOF_INT 4
| #define SIZEOF_SHORT 2
| #define HAVE_TERMIOS_H 1
| #define HAVE_UTMPX_H 1
| #define STDC_HEADERS 1
| #define HAVE_SYS_WAIT_H 1
| #define HAVE_UNISTD_H 1
| #define HAVE_SYS_TIME_H 1
| #define HAVE_LASTLOG_H 1
| #define HAVE_UTMP_H 1
| #define HAVE_SHADOW_H 1
| #define HAVE_SGTTY_H 1
| #define HAVE_SYS_SELECT_H 1
| #define HAVE_SYS_IOCTL_H 1
| #define HAVE_PATHS_H 1
| #define HAVE_UTIME_H 1
| #define HAVE_NETINET_IN_SYSTM_H 1
| #define HAVE_NETINET_IP_H 1
| #define HAVE_NETINET_TCP_H 1
| #define HAVE_ULIMIT_H 1
| #define HAVE_SYS_RESOURCE_H 1
| #define TIME_WITH_SYS_TIME 1
| #define HAVE_DIRENT_H 1
| #define HAVE_PID_IN_UTMP 1
| #define HAVE_NAME_IN_UTMP 1
| #define HAVE_ID_IN_UTMP 1
| #define HAVE_HOST_IN_UTMP 1
| #define HAVE_ADDR_IN_UTMP 1
| #define HAVE_LIBBSD 1
| #define HAVE_LIBNSL 1
| #define HAVE_VHANGUP 1
| #define HAVE_SETSID 1
| #define HAVE_GETTIMEOFDAY 1
| #define HAVE_TIMES 1
| #define HAVE_GETRUSAGE 1
| #define HAVE_FTRUNCATE 1
| /* end confdefs.h.  */
| /* System header to define __stub macros and hopefully few prototypes,
|     which can conflict with char revoke (); below.
|     Prefer <limits.h> to <assert.h> if __STDC__ is defined, since
|     <limits.h> exists even on freestanding compilers.  */
| #ifdef __STDC__
| # include <limits.h>
| #else
| # include <assert.h>
| #endif
| /* Override any gcc2 internal prototype to avoid an error.  */
| #ifdef __cplusplus
| extern "C"
| {
| #endif
| /* We use char because int might match the return type of a gcc2
|    builtin and then its argument prototype would still apply.  */
| char revoke ();
| /* The GNU C library defines this for functions which it implements
|     to always fail with ENOSYS.  Some functions are actually named
|     something starting with __ and the normal name is an alias.  */
| #if defined (__stub_revoke) || defined (__stub___revoke)
| choke me
| #else
| char (*f) () = revoke;
| #endif
| #ifdef __cplusplus
| }
| #endif
| 
| int
| main ()
| {
| return f != revoke;
|   ;
|   return 0;
| }
configure:9554: result: no
configure:9484: checking for makeutx
configure:9534: gcc -pipe -o conftest -D_GNU_SOURCE -g -O2   conftest.c -lnsl -lbsd  >&5
/tmp/cc7cNJFb.o(.text+0x11): In function `main':
/home/bbssrc/smth_sshbbsd/configure:9583: undefined reference to `makeutx'
/tmp/cc7cNJFb.o(.data+0x0):/home/bbssrc/smth_sshbbsd/configure:9582: undefined reference to `makeutx'
collect2: ld returned 1 exit status
configure:9537: $? = 1
configure: failed program was:
| #line 9489 "configure"
| /* confdefs.h.  */
| 
| #define PACKAGE_NAME ""
| #define PACKAGE_TARNAME ""
| #define PACKAGE_VERSION ""
| #define PACKAGE_STRING ""
| #define PACKAGE_BUGREPORT ""
| #define PACKAGE "sshbbs"
| #define VERSION "1.0"
| #define HOSTTYPE "i686-pc-linux-gnu"
| #define HAVE_ETC_SHADOW 1
| #define RETSIGTYPE void
| #define STDC_HEADERS 1
| #define HAVE_SYS_TYPES_H 1
| #define HAVE_SYS_STAT_H 1
| #define HAVE_STDLIB_H 1
| #define HAVE_STRING_H 1
| #define HAVE_MEMORY_H 1
| #define HAVE_STRINGS_H 1
| #define HAVE_INTTYPES_H 1
| #define HAVE_STDINT_H 1
| #define HAVE_UNISTD_H 1
| #define HAVE_STRUCT_STAT_ST_BLKSIZE 1
| #define HAVE_ST_BLKSIZE 1
| #define SIZEOF_LONG 4
| #define SIZEOF_INT 4
| #define SIZEOF_SHORT 2
| #define HAVE_TERMIOS_H 1
| #define HAVE_UTMPX_H 1
| #define STDC_HEADERS 1
| #define HAVE_SYS_WAIT_H 1
| #define HAVE_UNISTD_H 1
| #define HAVE_SYS_TIME_H 1
| #define HAVE_LASTLOG_H 1
| #define HAVE_UTMP_H 1
| #define HAVE_SHADOW_H 1
| #define HAVE_SGTTY_H 1
| #define HAVE_SYS_SELECT_H 1
| #define HAVE_SYS_IOCTL_H 1
| #define HAVE_PATHS_H 1
| #define HAVE_UTIME_H 1
| #define HAVE_NETINET_IN_SYSTM_H 1
| #define HAVE_NETINET_IP_H 1
| #define HAVE_NETINET_TCP_H 1
| #define HAVE_ULIMIT_H 1
| #define HAVE_SYS_RESOURCE_H 1
| #define TIME_WITH_SYS_TIME 1
| #define HAVE_DIRENT_H 1
| #define HAVE_PID_IN_UTMP 1
| #define HAVE_NAME_IN_UTMP 1
| #define HAVE_ID_IN_UTMP 1
| #define HAVE_HOST_IN_UTMP 1
| #define HAVE_ADDR_IN_UTMP 1
| #define HAVE_LIBBSD 1
| #define HAVE_LIBNSL 1
| #define HAVE_VHANGUP 1
| #define HAVE_SETSID 1
| #define HAVE_GETTIMEOFDAY 1
| #define HAVE_TIMES 1
| #define HAVE_GETRUSAGE 1
| #define HAVE_FTRUNCATE 1
| /* end confdefs.h.  */
| /* System header to define __stub macros and hopefully few prototypes,
|     which can conflict with char makeutx (); below.
|     Prefer <limits.h> to <assert.h> if __STDC__ is defined, since
|     <limits.h> exists even on freestanding compilers.  */
| #ifdef __STDC__
| # include <limits.h>
| #else
| # include <assert.h>
| #endif
| /* Override any gcc2 internal prototype to avoid an error.  */
| #ifdef __cplusplus
| extern "C"
| {
| #endif
| /* We use char because int might match the return type of a gcc2
|    builtin and then its argument prototype would still apply.  */
| char makeutx ();
| /* The GNU C library defines this for functions which it implements
|     to always fail with ENOSYS.  Some functions are actually named
|     something starting with __ and the normal name is an alias.  */
| #if defined (__stub_makeutx) || defined (__stub___makeutx)
| choke me
| #else
| char (*f) () = makeutx;
| #endif
| #ifdef __cplusplus
| }
| #endif
| 
| int
| main ()
| {
| return f != makeutx;
|   ;
|   return 0;
| }
configure:9554: result: no
configure:9575: checking for strchr
configure:9625: gcc -pipe -o conftest -D_GNU_SOURCE -g -O2   conftest.c -lnsl -lbsd  >&5
configure:9658: warning: conflicting types for built-in function `strchr'
configure:9628: $? = 0
configure:9631: test -s conftest
configure:9634: $? = 0
configure:9645: result: yes
configure:9575: checking for memcpy
configure:9625: gcc -pipe -o conftest -D_GNU_SOURCE -g -O2   conftest.c -lnsl -lbsd  >&5
configure:9659: warning: conflicting types for built-in function `memcpy'
configure:9628: $? = 0
configure:9631: test -s conftest
configure:9634: $? = 0
configure:9645: result: yes
configure:9575: checking for setlogin
configure:9625: gcc -pipe -o conftest -D_GNU_SOURCE -g -O2   conftest.c -lnsl -lbsd  >&5
configure:9665: syntax error before "me"
configure:9673: syntax error before "int"
configure: In function `main':
configure:9676: `f' undeclared (first use in this function)
configure:9676: (Each undeclared identifier is reported only once
configure:9676: for each function it appears in.)
configure:9628: $? = 1
configure: failed program was:
| #line 9580 "configure"
| /* confdefs.h.  */
| 
| #define PACKAGE_NAME ""
| #define PACKAGE_TARNAME ""
| #define PACKAGE_VERSION ""
| #define PACKAGE_STRING ""
| #define PACKAGE_BUGREPORT ""
| #define PACKAGE "sshbbs"
| #define VERSION "1.0"
| #define HOSTTYPE "i686-pc-linux-gnu"
| #define HAVE_ETC_SHADOW 1
| #define RETSIGTYPE void
| #define STDC_HEADERS 1
| #define HAVE_SYS_TYPES_H 1
| #define HAVE_SYS_STAT_H 1
| #define HAVE_STDLIB_H 1
| #define HAVE_STRING_H 1
| #define HAVE_MEMORY_H 1
| #define HAVE_STRINGS_H 1
| #define HAVE_INTTYPES_H 1
| #define HAVE_STDINT_H 1
| #define HAVE_UNISTD_H 1
| #define HAVE_STRUCT_STAT_ST_BLKSIZE 1
| #define HAVE_ST_BLKSIZE 1
| #define SIZEOF_LONG 4
| #define SIZEOF_INT 4
| #define SIZEOF_SHORT 2
| #define HAVE_TERMIOS_H 1
| #define HAVE_UTMPX_H 1
| #define STDC_HEADERS 1
| #define HAVE_SYS_WAIT_H 1
| #define HAVE_UNISTD_H 1
| #define HAVE_SYS_TIME_H 1
| #define HAVE_LASTLOG_H 1
| #define HAVE_UTMP_H 1
| #define HAVE_SHADOW_H 1
| #define HAVE_SGTTY_H 1
| #define HAVE_SYS_SELECT_H 1
| #define HAVE_SYS_IOCTL_H 1
| #define HAVE_PATHS_H 1
| #define HAVE_UTIME_H 1
| #define HAVE_NETINET_IN_SYSTM_H 1
| #define HAVE_NETINET_IP_H 1
| #define HAVE_NETINET_TCP_H 1
| #define HAVE_ULIMIT_H 1
| #define HAVE_SYS_RESOURCE_H 1
| #define TIME_WITH_SYS_TIME 1
| #define HAVE_DIRENT_H 1
| #define HAVE_PID_IN_UTMP 1
| #define HAVE_NAME_IN_UTMP 1
| #define HAVE_ID_IN_UTMP 1
| #define HAVE_HOST_IN_UTMP 1
| #define HAVE_ADDR_IN_UTMP 1
| #define HAVE_LIBBSD 1
| #define HAVE_LIBNSL 1
| #define HAVE_VHANGUP 1
| #define HAVE_SETSID 1
| #define HAVE_GETTIMEOFDAY 1
| #define HAVE_TIMES 1
| #define HAVE_GETRUSAGE 1
| #define HAVE_FTRUNCATE 1
| #define HAVE_STRCHR 1
| #define HAVE_MEMCPY 1
| /* end confdefs.h.  */
| /* System header to define __stub macros and hopefully few prototypes,
|     which can conflict with char setlogin (); below.
|     Prefer <limits.h> to <assert.h> if __STDC__ is defined, since
|     <limits.h> exists even on freestanding compilers.  */
| #ifdef __STDC__
| # include <limits.h>
| #else
| # include <assert.h>
| #endif
| /* Override any gcc2 internal prototype to avoid an error.  */
| #ifdef __cplusplus
| extern "C"
| {
| #endif
| /* We use char because int might match the return type of a gcc2
|    builtin and then its argument prototype would still apply.  */
| char setlogin ();
| /* The GNU C library defines this for functions which it implements
|     to always fail with ENOSYS.  Some functions are actually named
|     something starting with __ and the normal name is an alias.  */
| #if defined (__stub_setlogin) || defined (__stub___setlogin)
| choke me
| #else
| char (*f) () = setlogin;
| #endif
| #ifdef __cplusplus
| }
| #endif
| 
| int
| main ()
| {
| return f != setlogin;
|   ;
|   return 0;
| }
configure:9645: result: no
configure:9575: checking for openpty
configure:9625: gcc -pipe -o conftest -D_GNU_SOURCE -g -O2   conftest.c -lnsl -lbsd  >&5
/tmp/cclG6JAB.o(.text+0x11): In function `main':
/home/bbssrc/smth_sshbbsd/configure:9676: undefined reference to `openpty'
/tmp/cclG6JAB.o(.data+0x0):/home/bbssrc/smth_sshbbsd/configure:9675: undefined reference to `openpty'
collect2: ld returned 1 exit status
configure:9628: $? = 1
configure: failed program was:
| #line 9580 "configure"
| /* confdefs.h.  */
| 
| #define PACKAGE_NAME ""
| #define PACKAGE_TARNAME ""
| #define PACKAGE_VERSION ""
| #define PACKAGE_STRING ""
| #define PACKAGE_BUGREPORT ""
| #define PACKAGE "sshbbs"
| #define VERSION "1.0"
| #define HOSTTYPE "i686-pc-linux-gnu"
| #define HAVE_ETC_SHADOW 1
| #define RETSIGTYPE void
| #define STDC_HEADERS 1
| #define HAVE_SYS_TYPES_H 1
| #define HAVE_SYS_STAT_H 1
| #define HAVE_STDLIB_H 1
| #define HAVE_STRING_H 1
| #define HAVE_MEMORY_H 1
| #define HAVE_STRINGS_H 1
| #define HAVE_INTTYPES_H 1
| #define HAVE_STDINT_H 1
| #define HAVE_UNISTD_H 1
| #define HAVE_STRUCT_STAT_ST_BLKSIZE 1
| #define HAVE_ST_BLKSIZE 1
| #define SIZEOF_LONG 4
| #define SIZEOF_INT 4
| #define SIZEOF_SHORT 2
| #define HAVE_TERMIOS_H 1
| #define HAVE_UTMPX_H 1
| #define STDC_HEADERS 1
| #define HAVE_SYS_WAIT_H 1
| #define HAVE_UNISTD_H 1
| #define HAVE_SYS_TIME_H 1
| #define HAVE_LASTLOG_H 1
| #define HAVE_UTMP_H 1
| #define HAVE_SHADOW_H 1
| #define HAVE_SGTTY_H 1
| #define HAVE_SYS_SELECT_H 1
| #define HAVE_SYS_IOCTL_H 1
| #define HAVE_PATHS_H 1
| #define HAVE_UTIME_H 1
| #define HAVE_NETINET_IN_SYSTM_H 1
| #define HAVE_NETINET_IP_H 1
| #define HAVE_NETINET_TCP_H 1
| #define HAVE_ULIMIT_H 1
| #define HAVE_SYS_RESOURCE_H 1
| #define TIME_WITH_SYS_TIME 1
| #define HAVE_DIRENT_H 1
| #define HAVE_PID_IN_UTMP 1
| #define HAVE_NAME_IN_UTMP 1
| #define HAVE_ID_IN_UTMP 1
| #define HAVE_HOST_IN_UTMP 1
| #define HAVE_ADDR_IN_UTMP 1
| #define HAVE_LIBBSD 1
| #define HAVE_LIBNSL 1
| #define HAVE_VHANGUP 1
| #define HAVE_SETSID 1
| #define HAVE_GETTIMEOFDAY 1
| #define HAVE_TIMES 1
| #define HAVE_GETRUSAGE 1
| #define HAVE_FTRUNCATE 1
| #define HAVE_STRCHR 1
| #define HAVE_MEMCPY 1
| /* end confdefs.h.  */
| /* System header to define __stub macros and hopefully few prototypes,
|     which can conflict with char openpty (); below.
|     Prefer <limits.h> to <assert.h> if __STDC__ is defined, since
|     <limits.h> exists even on freestanding compilers.  */
| #ifdef __STDC__
| # include <limits.h>
| #else
| # include <assert.h>
| #endif
| /* Override any gcc2 internal prototype to avoid an error.  */
| #ifdef __cplusplus
| extern "C"
| {
| #endif
| /* We use char because int might match the return type of a gcc2
|    builtin and then its argument prototype would still apply.  */
| char openpty ();
| /* The GNU C library defines this for functions which it implements
|     to always fail with ENOSYS.  Some functions are actually named
|     something starting with __ and the normal name is an alias.  */
| #if defined (__stub_openpty) || defined (__stub___openpty)
| choke me
| #else
| char (*f) () = openpty;
| #endif
| #ifdef __cplusplus
| }
| #endif
| 
| int
| main ()
| {
| return f != openpty;
|   ;
|   return 0;
| }
configure:9645: result: no
configure:9575: checking for _getpty
configure:9625: gcc -pipe -o conftest -D_GNU_SOURCE -g -O2   conftest.c -lnsl -lbsd  >&5
/tmp/cciWHFzH.o(.text+0x11): In function `main':
/home/bbssrc/smth_sshbbsd/configure:9676: undefined reference to `_getpty'
/tmp/cciWHFzH.o(.data+0x0):/home/bbssrc/smth_sshbbsd/configure:9675: undefined reference to `_getpty'
collect2: ld returned 1 exit status
configure:9628: $? = 1
configure: failed program was:
| #line 9580 "configure"
| /* confdefs.h.  */
| 
| #define PACKAGE_NAME ""
| #define PACKAGE_TARNAME ""
| #define PACKAGE_VERSION ""
| #define PACKAGE_STRING ""
| #define PACKAGE_BUGREPORT ""
| #define PACKAGE "sshbbs"
| #define VERSION "1.0"
| #define HOSTTYPE "i686-pc-linux-gnu"
| #define HAVE_ETC_SHADOW 1
| #define RETSIGTYPE void
| #define STDC_HEADERS 1
| #define HAVE_SYS_TYPES_H 1
| #define HAVE_SYS_STAT_H 1
| #define HAVE_STDLIB_H 1
| #define HAVE_STRING_H 1
| #define HAVE_MEMORY_H 1
| #define HAVE_STRINGS_H 1
| #define HAVE_INTTYPES_H 1
| #define HAVE_STDINT_H 1
| #define HAVE_UNISTD_H 1
| #define HAVE_STRUCT_STAT_ST_BLKSIZE 1
| #define HAVE_ST_BLKSIZE 1
| #define SIZEOF_LONG 4
| #define SIZEOF_INT 4
| #define SIZEOF_SHORT 2
| #define HAVE_TERMIOS_H 1
| #define HAVE_UTMPX_H 1
| #define STDC_HEADERS 1
| #define HAVE_SYS_WAIT_H 1
| #define HAVE_UNISTD_H 1
| #define HAVE_SYS_TIME_H 1
| #define HAVE_LASTLOG_H 1
| #define HAVE_UTMP_H 1
| #define HAVE_SHADOW_H 1
| #define HAVE_SGTTY_H 1
| #define HAVE_SYS_SELECT_H 1
| #define HAVE_SYS_IOCTL_H 1
| #define HAVE_PATHS_H 1
| #define HAVE_UTIME_H 1
| #define HAVE_NETINET_IN_SYSTM_H 1
| #define HAVE_NETINET_IP_H 1
| #define HAVE_NETINET_TCP_H 1
| #define HAVE_ULIMIT_H 1
| #define HAVE_SYS_RESOURCE_H 1
| #define TIME_WITH_SYS_TIME 1
| #define HAVE_DIRENT_H 1
| #define HAVE_PID_IN_UTMP 1
| #define HAVE_NAME_IN_UTMP 1
| #define HAVE_ID_IN_UTMP 1
| #define HAVE_HOST_IN_UTMP 1
| #define HAVE_ADDR_IN_UTMP 1
| #define HAVE_LIBBSD 1
| #define HAVE_LIBNSL 1
| #define HAVE_VHANGUP 1
| #define HAVE_SETSID 1
| #define HAVE_GETTIMEOFDAY 1
| #define HAVE_TIMES 1
| #define HAVE_GETRUSAGE 1
| #define HAVE_FTRUNCATE 1
| #define HAVE_STRCHR 1
| #define HAVE_MEMCPY 1
| /* end confdefs.h.  */
| /* System header to define __stub macros and hopefully few prototypes,
|     which can conflict with char _getpty (); below.
|     Prefer <limits.h> to <assert.h> if __STDC__ is defined, since
|     <limits.h> exists even on freestanding compilers.  */
| #ifdef __STDC__
| # include <limits.h>
| #else
| # include <assert.h>
| #endif
| /* Override any gcc2 internal prototype to avoid an error.  */
| #ifdef __cplusplus
| extern "C"
| {
| #endif
| /* We use char because int might match the return type of a gcc2
|    builtin and then its argument prototype would still apply.  */
| char _getpty ();
| /* The GNU C library defines this for functions which it implements
|     to always fail with ENOSYS.  Some functions are actually named
|     something starting with __ and the normal name is an alias.  */
| #if defined (__stub__getpty) || defined (__stub____getpty)
| choke me
| #else
| char (*f) () = _getpty;
| #endif
| #ifdef __cplusplus
| }
| #endif
| 
| int
| main ()
| {
| return f != _getpty;
|   ;
|   return 0;
| }
configure:9645: result: no
configure:9575: checking for clock
configure:9625: gcc -pipe -o conftest -D_GNU_SOURCE -g -O2   conftest.c -lnsl -lbsd  >&5
configure:9628: $? = 0
configure:9631: test -s conftest
configure:9634: $? = 0
configure:9645: result: yes
configure:9575: checking for fchmod
configure:9625: gcc -pipe -o conftest -D_GNU_SOURCE -g -O2   conftest.c -lnsl -lbsd  >&5
configure:9628: $? = 0
configure:9631: test -s conftest
configure:9634: $? = 0
configure:9645: result: yes
configure:9575: checking for ulimit
configure:9625: gcc -pipe -o conftest -D_GNU_SOURCE -g -O2   conftest.c -lnsl -lbsd  >&5
configure:9628: $? = 0
configure:9631: test -s conftest
configure:9634: $? = 0
configure:9645: result: yes
configure:9664: checking for gethostname
configure:9714: gcc -pipe -o conftest -D_GNU_SOURCE -g -O2   conftest.c -lnsl -lbsd  >&5
configure:9717: $? = 0
configure:9720: test -s conftest
configure:9723: $? = 0
configure:9734: result: yes
configure:9664: checking for getdtablesize
configure:9714: gcc -pipe -o conftest -D_GNU_SOURCE -g -O2   conftest.c -lnsl -lbsd  >&5
configure:9717: $? = 0
configure:9720: test -s conftest
configure:9723: $? = 0
configure:9734: result: yes
configure:9664: checking for umask
configure:9714: gcc -pipe -o conftest -D_GNU_SOURCE -g -O2   conftest.c -lnsl -lbsd  >&5
configure:9717: $? = 0
configure:9720: test -s conftest
configure:9723: $? = 0
configure:9734: result: yes
configure:9664: checking for innetgr
configure:9714: gcc -pipe -o conftest -D_GNU_SOURCE -g -O2   conftest.c -lnsl -lbsd  >&5
configure:9717: $? = 0
configure:9720: test -s conftest
configure:9723: $? = 0
configure:9734: result: yes
configure:9664: checking for initgroups
configure:9714: gcc -pipe -o conftest -D_GNU_SOURCE -g -O2   conftest.c -lnsl -lbsd  >&5
configure:9717: $? = 0
configure:9720: test -s conftest
configure:9723: $? = 0
configure:9734: result: yes
configure:9664: checking for setpgrp
configure:9714: gcc -pipe -o conftest -D_GNU_SOURCE -g -O2   conftest.c -lnsl -lbsd  >&5
configure:9717: $? = 0
configure:9720: test -s conftest
configure:9723: $? = 0
configure:9734: result: yes
configure:9754: checking for setpgid
configure:9804: gcc -pipe -o conftest -D_GNU_SOURCE -g -O2   conftest.c -lnsl -lbsd  >&5
configure:9807: $? = 0
configure:9810: test -s conftest
configure:9813: $? = 0
configure:9824: result: yes
configure:9754: checking for daemon
configure:9804: gcc -pipe -o conftest -D_GNU_SOURCE -g -O2   conftest.c -lnsl -lbsd  >&5
configure:9807: $? = 0
configure:9810: test -s conftest
configure:9813: $? = 0
configure:9824: result: yes
configure:9754: checking for waitpid
configure:9804: gcc -pipe -o conftest -D_GNU_SOURCE -g -O2   conftest.c -lnsl -lbsd  >&5
configure:9807: $? = 0
configure:9810: test -s conftest
configure:9813: $? = 0
configure:9824: result: yes
configure:9754: checking for ttyslot
configure:9804: gcc -pipe -o conftest -D_GNU_SOURCE -g -O2   conftest.c -lnsl -lbsd  >&5
configure:9807: $? = 0
configure:9810: test -s conftest
configure:9813: $? = 0
configure:9824: result: yes
configure:9754: checking for authenticate
configure:9804: gcc -pipe -o conftest -D_GNU_SOURCE -g -O2   conftest.c -lnsl -lbsd  >&5
/tmp/ccpl7upx.o(.text+0x11): In function `main':
/home/bbssrc/smth_sshbbsd/configure:9868: undefined reference to `authenticate'
/tmp/ccpl7upx.o(.data+0x0):/home/bbssrc/smth_sshbbsd/configure:9867: undefined reference to `authenticate'
collect2: ld returned 1 exit status
configure:9807: $? = 1
configure: failed program was:
| #line 9759 "configure"
| /* confdefs.h.  */
| 
| #define PACKAGE_NAME ""
| #define PACKAGE_TARNAME ""
| #define PACKAGE_VERSION ""
| #define PACKAGE_STRING ""
| #define PACKAGE_BUGREPORT ""
| #define PACKAGE "sshbbs"
| #define VERSION "1.0"
| #define HOSTTYPE "i686-pc-linux-gnu"
| #define HAVE_ETC_SHADOW 1
| #define RETSIGTYPE void
| #define STDC_HEADERS 1
| #define HAVE_SYS_TYPES_H 1
| #define HAVE_SYS_STAT_H 1
| #define HAVE_STDLIB_H 1
| #define HAVE_STRING_H 1
| #define HAVE_MEMORY_H 1
| #define HAVE_STRINGS_H 1
| #define HAVE_INTTYPES_H 1
| #define HAVE_STDINT_H 1
| #define HAVE_UNISTD_H 1
| #define HAVE_STRUCT_STAT_ST_BLKSIZE 1
| #define HAVE_ST_BLKSIZE 1
| #define SIZEOF_LONG 4
| #define SIZEOF_INT 4
| #define SIZEOF_SHORT 2
| #define HAVE_TERMIOS_H 1
| #define HAVE_UTMPX_H 1
| #define STDC_HEADERS 1
| #define HAVE_SYS_WAIT_H 1
| #define HAVE_UNISTD_H 1
| #define HAVE_SYS_TIME_H 1
| #define HAVE_LASTLOG_H 1
| #define HAVE_UTMP_H 1
| #define HAVE_SHADOW_H 1
| #define HAVE_SGTTY_H 1
| #define HAVE_SYS_SELECT_H 1
| #define HAVE_SYS_IOCTL_H 1
| #define HAVE_PATHS_H 1
| #define HAVE_UTIME_H 1
| #define HAVE_NETINET_IN_SYSTM_H 1
| #define HAVE_NETINET_IP_H 1
| #define HAVE_NETINET_TCP_H 1
| #define HAVE_ULIMIT_H 1
| #define HAVE_SYS_RESOURCE_H 1
| #define TIME_WITH_SYS_TIME 1
| #define HAVE_DIRENT_H 1
| #define HAVE_PID_IN_UTMP 1
| #define HAVE_NAME_IN_UTMP 1
| #define HAVE_ID_IN_UTMP 1
| #define HAVE_HOST_IN_UTMP 1
| #define HAVE_ADDR_IN_UTMP 1
| #define HAVE_LIBBSD 1
| #define HAVE_LIBNSL 1
| #define HAVE_VHANGUP 1
| #define HAVE_SETSID 1
| #define HAVE_GETTIMEOFDAY 1
| #define HAVE_TIMES 1
| #define HAVE_GETRUSAGE 1
| #define HAVE_FTRUNCATE 1
| #define HAVE_STRCHR 1
| #define HAVE_MEMCPY 1
| #define HAVE_CLOCK 1
| #define HAVE_FCHMOD 1
| #define HAVE_ULIMIT 1
| #define HAVE_GETHOSTNAME 1
| #define HAVE_GETDTABLESIZE 1
| #define HAVE_UMASK 1
| #define HAVE_INNETGR 1
| #define HAVE_INITGROUPS 1
| #define HAVE_SETPGRP 1
| #define HAVE_SETPGID 1
| #define HAVE_DAEMON 1
| #define HAVE_WAITPID 1
| #define HAVE_TTYSLOT 1
| /* end confdefs.h.  */
| /* System header to define __stub macros and hopefully few prototypes,
|     which can conflict with char authenticate (); below.
|     Prefer <limits.h> to <assert.h> if __STDC__ is defined, since
|     <limits.h> exists even on freestanding compilers.  */
| #ifdef __STDC__
| # include <limits.h>
| #else
| # include <assert.h>
| #endif
| /* Override any gcc2 internal prototype to avoid an error.  */
| #ifdef __cplusplus
| extern "C"
| {
| #endif
| /* We use char because int might match the return type of a gcc2
|    builtin and then its argument prototype would still apply.  */
| char authenticate ();
| /* The GNU C library defines this for functions which it implements
|     to always fail with ENOSYS.  Some functions are actually named
|     something starting with __ and the normal name is an alias.  */
| #if defined (__stub_authenticate) || defined (__stub___authenticate)
| choke me
| #else
| char (*f) () = authenticate;
| #endif
| #ifdef __cplusplus
| }
| #endif
| 
| int
| main ()
| {
| return f != authenticate;
|   ;
|   return 0;
| }
configure:9824: result: no
configure:9754: checking for getpt
configure:9804: gcc -pipe -o conftest -D_GNU_SOURCE -g -O2   conftest.c -lnsl -lbsd  >&5
configure:9807: $? = 0
configure:9810: test -s conftest
configure:9813: $? = 0
configure:9824: result: yes
configure:9754: checking for isastream
configure:9804: gcc -pipe -o conftest -D_GNU_SOURCE -g -O2   conftest.c -lnsl -lbsd  >&5
configure:9807: $? = 0
configure:9810: test -s conftest
configure:9813: $? = 0
configure:9824: result: yes
configure:9845: checking for strerror
configure:9895: gcc -pipe -o conftest -D_GNU_SOURCE -g -O2   conftest.c -lnsl -lbsd  >&5
configure:9898: $? = 0
configure:9901: test -s conftest
configure:9904: $? = 0
configure:9915: result: yes
configure:9845: checking for memmove
configure:9895: gcc -pipe -o conftest -D_GNU_SOURCE -g -O2   conftest.c -lnsl -lbsd  >&5
configure:9946: warning: conflicting types for built-in function `memmove'
configure:9898: $? = 0
configure:9901: test -s conftest
configure:9904: $? = 0
configure:9915: result: yes
configure:9845: checking for remove
configure:9895: gcc -pipe -o conftest -D_GNU_SOURCE -g -O2   conftest.c -lnsl -lbsd  >&5
configure:9898: $? = 0
configure:9901: test -s conftest
configure:9904: $? = 0
configure:9915: result: yes
configure:9845: checking for random
configure:9895: gcc -pipe -o conftest -D_GNU_SOURCE -g -O2   conftest.c -lnsl -lbsd  >&5
configure:9898: $? = 0
configure:9901: test -s conftest
configure:9904: $? = 0
configure:9915: result: yes
configure:9845: checking for putenv
configure:9895: gcc -pipe -o conftest -D_GNU_SOURCE -g -O2   conftest.c -lnsl -lbsd  >&5
configure:9898: $? = 0
configure:9901: test -s conftest
configure:9904: $? = 0
configure:9915: result: yes
configure:9845: checking for socketpair
configure:9895: gcc -pipe -o conftest -D_GNU_SOURCE -g -O2   conftest.c -lnsl -lbsd  >&5
configure:9898: $? = 0
configure:9901: test -s conftest
configure:9904: $? = 0
configure:9915: result: yes
configure:9845: checking for snprintf
configure:9895: gcc -pipe -o conftest -D_GNU_SOURCE -g -O2   conftest.c -lnsl -lbsd  >&5
configure:9898: $? = 0
configure:9901: test -s conftest
configure:9904: $? = 0
configure:9915: result: yes
configure:9929: checking whether ln -s works
configure:9933: result: yes
configure:9952: checking for a BSD-compatible install
configure:10006: result: /usr/bin/install -c
configure:10019: checking for ar
configure:10035: found /usr/bin/ar
configure:10046: result: ar
configure:10095: checking for ranlib
configure:10111: found /usr/bin/ranlib
configure:10122: result: ranlib
configure:10141: checking for makedepend
configure:10157: found /usr/X11R6/bin/makedepend
configure:10167: result: makedepend
configure:10179: checking whether to include the IDEA encryption algorithm
configure:10202: result: yes
configure:10216: checking whether to include the Blowfish encryption algorithm
configure:10237: result: yes
configure:10246: checking whether to include the DES encryption algorithm
configure:10267: result: no
configure:10272: checking whether to include the ARCFOUR encryption algorithm
configure:10293: result: no
configure:10298: checking whether to include the none encryption algorithm
configure:10319: result: no
configure:10324: checking whether to enable TCP_NODELAY
configure:10343: result: yes
configure:10352: checking whether to enable SO_LINGER
configure:10371: result: no
configure:10418: checking for gzgets in -lz
configure:10449: gcc -pipe -o conftest -D_GNU_SOURCE -g -O2   conftest.c -lz  -lnsl -lbsd  >&5
configure:10452: $? = 0
configure:10455: test -s conftest
configure:10458: $? = 0
configure:10470: result: yes
configure:10625: creating ./config.status

## ---------------------- ##
## Running config.status. ##
## ---------------------- ##

This file was extended by config.status, which was
generated by GNU Autoconf 2.57.  Invocation command line was

  CONFIG_FILES    = 
  CONFIG_HEADERS  = 
  CONFIG_LINKS    = 
  CONFIG_COMMANDS = 
  $ ./config.status 

on bbs.xjtu.edu.cn

config.status:670: creating Makefile
config.status:774: creating config.h
config.status:1118: linking ./../src/bbs.c to bbs.c
config.status:1118: linking ./../src/record.c to record.c
config.status:1118: linking ./../src/delete.c to delete.c
config.status:1118: linking ./../src/main.c to main.c
config.status:1118: linking ./../src/stuff.c to stuff.c
config.status:1118: linking ./../src/mail.c to mail.c
config.status:1118: linking ./../src/register.c to register.c
config.status:1118: linking ./../src/xyz.c to xyz.c
config.status:1118: linking ./../src/talk.c to talk.c
config.status:1118: linking ./../src/read.c to read.c
config.status:1118: linking ./../src/comm_lists.c to comm_lists.c
config.status:1118: linking ./../src/namecomplete.c to namecomplete.c
config.status:1118: linking ./../src/chat.c to chat.c
config.status:1118: linking ./../src/maintain.c to maintain.c
config.status:1118: linking ./../src/edit.c to edit.c
config.status:1118: linking ./../src/more.c to more.c
config.status:1118: linking ./../src/help.c to help.c
config.status:1118: linking ./../src/bcache.c to bcache.c
config.status:1118: linking ./../src/boards.c to boards.c
config.status:1118: linking ./../src/smth_screen.c to smth_screen.c
config.status:1118: linking ./../src/io.c to io.c
config.status:1118: linking ./../src/term.c to term.c
config.status:1118: linking ./../src/userinfo.c to userinfo.c
config.status:1118: linking ./../src/vote.c to vote.c
config.status:1118: linking ./../src/announce.c to announce.c
config.status:1118: linking ./../src/sendmsg.c to sendmsg.c
config.status:1118: linking ./../src/bm.c to bm.c
config.status:1118: linking ./../src/list.c to list.c
config.status:1118: linking ./../src/goodbye.c to goodbye.c
config.status:1118: linking ./../src/bbsgopher.c to bbsgopher.c
config.status:1118: linking ./../src/fileshm.c to fileshm.c
config.status:1118: linking ./../src/postheader.c to postheader.c
config.status:1118: linking ./../src/convcode.c to convcode.c
config.status:1118: linking ./../src/five.c to five.c
config.status:1118: linking ./../src/tmachine.c to tmachine.c
config.status:1118: linking ./../src/addressbook.c to addressbook.c
config.status:1118: linking ./../src/backnumber.c to backnumber.c
config.status:1118: linking ./../src/common.c to common.c
config.status:1118: linking ./../src/sec_hand.c to sec_hand.c
config.status:1118: linking ./../src/regular.c to regular.c
config.status:1118: linking ./../src/1984.c to 1984.c
config.status:1118: linking ./../src/moneycenter.c to moneycenter.c
config.status:1118: linking ./../src/editboard.c to editboard.c
config.status:1118: linking ./../src/power_select.c to power_select.c
config.status:1264: executing depfiles commands

## ---------------- ##
## Cache variables. ##
## ---------------- ##

ac_cv_build=i686-pc-linux-gnu
ac_cv_build_alias=i686-pc-linux-gnu
ac_cv_c_bigendian=no
ac_cv_c_compiler_gnu=yes
ac_cv_c_const=yes
ac_cv_c_inline=inline
ac_cv_env_CC_set=
ac_cv_env_CC_value=
ac_cv_env_CFLAGS_set=
ac_cv_env_CFLAGS_value=
ac_cv_env_CPPFLAGS_set=
ac_cv_env_CPPFLAGS_value=
ac_cv_env_CPP_set=
ac_cv_env_CPP_value=
ac_cv_env_LDFLAGS_set=
ac_cv_env_LDFLAGS_value=
ac_cv_env_build_alias_set=
ac_cv_env_build_alias_value=
ac_cv_env_host_alias_set=
ac_cv_env_host_alias_value=
ac_cv_env_target_alias_set=
ac_cv_env_target_alias_value=
ac_cv_exeext=
ac_cv_func__getpty=no
ac_cv_func_authenticate=no
ac_cv_func_clock=yes
ac_cv_func_daemon=yes
ac_cv_func_fchmod=yes
ac_cv_func_ftruncate=yes
ac_cv_func_getdtablesize=yes
ac_cv_func_gethostname=yes
ac_cv_func_getpt=yes
ac_cv_func_getrusage=yes
ac_cv_func_getspnam=yes
ac_cv_func_gettimeofday=yes
ac_cv_func_initgroups=yes
ac_cv_func_innetgr=yes
ac_cv_func_isastream=yes
ac_cv_func_makeutx=no
ac_cv_func_memcpy=yes
ac_cv_func_memmove=yes
ac_cv_func_openpty=no
ac_cv_func_putenv=yes
ac_cv_func_pw_encrypt=no
ac_cv_func_random=yes
ac_cv_func_remove=yes
ac_cv_func_revoke=no
ac_cv_func_setlogin=no
ac_cv_func_setpgid=yes
ac_cv_func_setpgrp=yes
ac_cv_func_setsid=yes
ac_cv_func_snprintf=yes
ac_cv_func_socketpair=yes
ac_cv_func_strchr=yes
ac_cv_func_strerror=yes
ac_cv_func_times=yes
ac_cv_func_ttyslot=yes
ac_cv_func_ulimit=yes
ac_cv_func_umask=yes
ac_cv_func_vhangup=yes
ac_cv_func_waitpid=yes
ac_cv_header_dirent_dirent_h=yes
ac_cv_header_inttypes_h=yes
ac_cv_header_lastlog_h=yes
ac_cv_header_login_cap_h=no
ac_cv_header_machine_endian_h=no
ac_cv_header_memory_h=yes
ac_cv_header_netinet_in_system_h=no
ac_cv_header_netinet_in_systm_h=yes
ac_cv_header_netinet_ip_h=yes
ac_cv_header_netinet_tcp_h=yes
ac_cv_header_paths_h=yes
ac_cv_header_rusage_h=no
ac_cv_header_sgtty_h=yes
ac_cv_header_shadow_h=yes
ac_cv_header_stat_broken=no
ac_cv_header_stdc=yes
ac_cv_header_stdint_h=yes
ac_cv_header_stdlib_h=yes
ac_cv_header_string_h=yes
ac_cv_header_strings_h=yes
ac_cv_header_sys_conf_h=no
ac_cv_header_sys_ioctl_h=yes
ac_cv_header_sys_resource_h=yes
ac_cv_header_sys_select_h=yes
ac_cv_header_sys_stat_h=yes
ac_cv_header_sys_stream_h=no
ac_cv_header_sys_time_h=yes
ac_cv_header_sys_types_h=yes
ac_cv_header_sys_types_h_makedev=yes
ac_cv_header_sys_wait_h=yes
ac_cv_header_termios_h=yes
ac_cv_header_time=yes
ac_cv_header_ulimit_h=yes
ac_cv_header_unistd_h=yes
ac_cv_header_usersec_h=no
ac_cv_header_utime_h=yes
ac_cv_header_utmp_h=yes
ac_cv_header_utmpx_h=yes
ac_cv_host=i686-pc-linux-gnu
ac_cv_host_alias=i686-pc-linux-gnu
ac_cv_hostcheck=i686-pc-linux-gnu
ac_cv_lib_bsd_bcopy=yes
ac_cv_lib_cposix_strerror=no
ac_cv_lib_nsl_main=yes
ac_cv_lib_sec_getspnam=no
ac_cv_lib_seq_get_process_stats=no
ac_cv_lib_shadow_pw_encrypt=no
ac_cv_lib_socket_socket=no
ac_cv_lib_sun_getpwnam=no
ac_cv_lib_z_gzgets=yes
ac_cv_member_struct_stat_st_blksize=yes
ac_cv_objext=o
ac_cv_path_install='/usr/bin/install -c'
ac_cv_prog_AR=ar
ac_cv_prog_AWK=gawk
ac_cv_prog_CPP='gcc -pipe -E'
ac_cv_prog_MAKEDEP=makedepend
ac_cv_prog_ac_ct_CC=gcc
ac_cv_prog_ac_ct_RANLIB=ranlib
ac_cv_prog_cc_g=yes
ac_cv_prog_cc_stdc=
ac_cv_prog_egrep='grep -E'
ac_cv_prog_make_make_set=yes
ac_cv_search_opendir='none required'
ac_cv_sizeof_int=4
ac_cv_sizeof_long=4
ac_cv_sizeof_short=2
ac_cv_type_int=yes
ac_cv_type_long=yes
ac_cv_type_mode_t=yes
ac_cv_type_off_t=yes
ac_cv_type_short=yes
ac_cv_type_signal=void
ac_cv_type_size_t=yes
ac_cv_type_uid_t=yes
am_cv_CC_dependencies_compiler_type=gcc3

## ----------------- ##
## Output variables. ##
## ----------------- ##

ACLOCAL='${SHELL} /home/bbssrc/smth_sshbbsd/missing --run aclocal-1.6'
AMDEPBACKSLASH='\'
AMDEP_FALSE='#'
AMDEP_TRUE=''
AMTAR='${SHELL} /home/bbssrc/smth_sshbbsd/missing --run tar'
AR='ar'
AUTOCONF='${SHELL} /home/bbssrc/smth_sshbbsd/missing --run autoconf'
AUTOHEADER='${SHELL} /home/bbssrc/smth_sshbbsd/missing --run autoheader'
AUTOMAKE='${SHELL} /home/bbssrc/smth_sshbbsd/missing --run automake-1.6'
AWK='gawk'
BBSOBJS=' bbs.o record.o delete.o main.o stuff.o mail.o register.o xyz.o talk.o read.o comm_lists.o namecomplete.o chat.o maintain.o edit.o more.o help.o bcache.o boards.o smth_screen.o io.o term.o userinfo.o vote.o announce.o sendmsg.o bm.o list.o goodbye.o bbsgopher.o fileshm.o postheader.o convcode.o five.o tmachine.o addressbook.o backnumber.o common.o sec_hand.o regular.o 1984.o moneycenter.o editboard.o power_select.o'
CC='gcc -pipe'
CCDEPMODE='depmode=gcc3'
CFLAGS='-D_GNU_SOURCE -g -O2 -I/usr'
CONFOBJS=' idea.o'
CPP='gcc -pipe -E'
CPPFLAGS=''
DEFS='-DHAVE_CONFIG_H'
DEPDIR='.deps'
ECHO_C=''
ECHO_N='-n'
ECHO_T=''
EGREP='grep -E'
EXEEXT=''
INSTALL_DATA='${INSTALL} -m 644'
INSTALL_PROGRAM='${INSTALL}'
INSTALL_SCRIPT='${INSTALL}'
INSTALL_STRIP_PROGRAM='${SHELL} $(install_sh) -c -s'
LDFLAGS=''
LIBOBJS=''
LIBS='-lnsl -lbsd  -L/usr/lib -lz'
LN_S='ln -s'
LTLIBOBJS=''
MAKEDEP='makedepend'
MAKEINFO='${SHELL} /home/bbssrc/smth_sshbbsd/missing --run makeinfo'
OBJEXT='o'
PACKAGE='sshbbs'
PACKAGE_BUGREPORT=''
PACKAGE_NAME=''
PACKAGE_STRING=''
PACKAGE_TARNAME=''
PACKAGE_VERSION=''
PATH_SEPARATOR=':'
RANLIB='ranlib'
SET_MAKE=''
SHELL='/bin/sh'
SSHINSTALLMODE=''
STRIP=''
VERSION='1.0'
ac_ct_CC='gcc'
ac_ct_RANLIB='ranlib'
ac_ct_STRIP=''
am__include='include'
am__quote=''
bindir='${exec_prefix}/bin'
build='i686-pc-linux-gnu'
build_alias=''
build_cpu='i686'
build_os='linux-gnu'
build_vendor='pc'
datadir='${prefix}/share'
exec_prefix='${prefix}'
host='i686-pc-linux-gnu'
host_alias=''
host_cpu='i686'
host_os='linux-gnu'
host_vendor='pc'
includedir='${prefix}/include'
infodir='${prefix}/info'
install_sh='/home/bbssrc/smth_sshbbsd/install-sh'
libdir='${exec_prefix}/lib'
libexecdir='${exec_prefix}/libexec'
localstatedir='${prefix}/var'
mandir='${prefix}/man'
oldincludedir='/usr/include'
prefix='/usr/local'
program_transform_name='s,x,x,'
sbindir='${exec_prefix}/sbin'
sharedstatedir='${prefix}/com'
sysconfdir='${prefix}/etc'
target_alias=''

## ----------- ##
## confdefs.h. ##
## ----------- ##

#define ENABLE_TCP_NODELAY 1
#define HAVE_ADDR_IN_UTMP 1
#define HAVE_CLOCK 1
#define HAVE_DAEMON 1
#define HAVE_DIRENT_H 1
#define HAVE_ETC_SHADOW 1
#define HAVE_FCHMOD 1
#define HAVE_FTRUNCATE 1
#define HAVE_GETDTABLESIZE 1
#define HAVE_GETHOSTNAME 1
#define HAVE_GETPT 1
#define HAVE_GETRUSAGE 1
#define HAVE_GETTIMEOFDAY 1
#define HAVE_HOST_IN_UTMP 1
#define HAVE_ID_IN_UTMP 1
#define HAVE_INITGROUPS 1
#define HAVE_INNETGR 1
#define HAVE_INTTYPES_H 1
#define HAVE_ISASTREAM 1
#define HAVE_LASTLOG_H 1
#define HAVE_LIBBSD 1
#define HAVE_LIBNSL 1
#define HAVE_MEMCPY 1
#define HAVE_MEMMOVE 1
#define HAVE_MEMORY_H 1
#define HAVE_NAME_IN_UTMP 1
#define HAVE_NETINET_IN_SYSTM_H 1
#define HAVE_NETINET_IP_H 1
#define HAVE_NETINET_TCP_H 1
#define HAVE_PATHS_H 1
#define HAVE_PID_IN_UTMP 1
#define HAVE_PUTENV 1
#define HAVE_RANDOM 1
#define HAVE_REMOVE 1
#define HAVE_SETPGID 1
#define HAVE_SETPGRP 1
#define HAVE_SETSID 1
#define HAVE_SGTTY_H 1
#define HAVE_SHADOW_H 1
#define HAVE_SNPRINTF 1
#define HAVE_SOCKETPAIR 1
#define HAVE_STDINT_H 1
#define HAVE_STDLIB_H 1
#define HAVE_STRCHR 1
#define HAVE_STRERROR 1
#define HAVE_STRINGS_H 1
#define HAVE_STRING_H 1
#define HAVE_STRUCT_STAT_ST_BLKSIZE 1
#define HAVE_ST_BLKSIZE 1
#define HAVE_SYS_IOCTL_H 1
#define HAVE_SYS_RESOURCE_H 1
#define HAVE_SYS_SELECT_H 1
#define HAVE_SYS_STAT_H 1
#define HAVE_SYS_TIME_H 1
#define HAVE_SYS_TYPES_H 1
#define HAVE_SYS_WAIT_H 1
#define HAVE_TERMIOS_H 1
#define HAVE_TIMES 1
#define HAVE_TTYSLOT 1
#define HAVE_ULIMIT 1
#define HAVE_ULIMIT_H 1
#define HAVE_UMASK 1
#define HAVE_UNISTD_H 1
#define HAVE_UNISTD_H 1
#define HAVE_UTIME_H 1
#define HAVE_UTMPX_H 1
#define HAVE_UTMP_H 1
#define HAVE_VHANGUP 1
#define HAVE_WAITPID 1
#define HAVE_ZLIB 1
#define HOSTTYPE "i686-pc-linux-gnu"
#define PACKAGE "sshbbs"
#define PACKAGE_BUGREPORT ""
#define PACKAGE_NAME ""
#define PACKAGE_STRING ""
#define PACKAGE_TARNAME ""
#define PACKAGE_VERSION ""
#define RETSIGTYPE void
#define SIZEOF_INT 4
#define SIZEOF_LONG 4
#define SIZEOF_SHORT 2
#define STDC_HEADERS 1
#define STDC_HEADERS 1
#define TIME_WITH_SYS_TIME 1
#define VERSION "1.0"
#define WITH_BLOWFISH 1
#define WITH_IDEA 1

configure: exit 0

## ---------------------- ##
## Running config.status. ##
## ---------------------- ##

This file was extended by config.status, which was
generated by GNU Autoconf 2.57.  Invocation command line was

  CONFIG_FILES    = 
  CONFIG_HEADERS  = 
  CONFIG_LINKS    = 
  CONFIG_COMMANDS = 
  $ ./config.status config.h

on bbs.xjtu.edu.cn

config.status:774: creating config.h
config.status:1055: config.h is unchanged
